[ 2018-05-15T14:40:58+08:00 ] ::1 /tp/Application/Admin/Publicassets/css/amazeui.min.css
INFO: [ app_init ] --START--
INFO: Run Behavior\BuildLiteBehavior [ RunTime:0.000034s ]
INFO: [ app_init ] --END-- [ RunTime:0.000614s ]
ERR: 无法加载模块:Application

[ 2018-05-15T14:40:58+08:00 ] ::1 /tp/Application/Admin/Publicassets/css/admin.css
INFO: [ app_init ] --START--
INFO: Run Behavior\BuildLiteBehavior [ RunTime:0.000028s ]
INFO: [ app_init ] --END-- [ RunTime:0.000577s ]
ERR: 无法加载模块:Application

[ 2018-05-15T14:41:20+08:00 ] ::1 /tp/Application/Admin/Publicassets/css/admin.css
INFO: [ app_init ] --START--
INFO: Run Behavior\BuildLiteBehavior [ RunTime:0.000060s ]
INFO: [ app_init ] --END-- [ RunTime:0.000689s ]
ERR: 无法加载模块:Application

[ 2018-05-15T14:41:20+08:00 ] ::1 /tp/Application/Admin/Publicassets/css/amazeui.min.css
INFO: [ app_init ] --START--
INFO: Run Behavior\BuildLiteBehavior [ RunTime:0.000044s ]
INFO: [ app_init ] --END-- [ RunTime:0.000841s ]
ERR: 无法加载模块:Application

[ 2018-05-15T14:42:43+08:00 ] ::1 /tp/Application/Admin/Public/i/favicon.png
INFO: [ app_init ] --START--
INFO: Run Behavior\BuildLiteBehavior [ RunTime:0.000025s ]
INFO: [ app_init ] --END-- [ RunTime:0.000428s ]
ERR: 无法加载模块:Application

[ 2018-05-15T14:54:03+08:00 ] ::1 /tp/Application/Admin/Public/i/favicon.png
INFO: [ app_init ] --START--
INFO: Run Behavior\BuildLiteBehavior [ RunTime:0.000039s ]
INFO: [ app_init ] --END-- [ RunTime:0.000670s ]
ERR: 无法加载模块:Application

[ 2018-05-15T14:58:20+08:00 ] ::1 /tp/Application/Admin/Public/js/jquery.min.js
INFO: [ app_init ] --START--
INFO: Run Behavior\BuildLiteBehavior [ RunTime:0.000039s ]
INFO: [ app_init ] --END-- [ RunTime:0.000670s ]
ERR: 无法加载模块:Application

[ 2018-05-15T14:58:20+08:00 ] ::1 /tp/Application/Admin/Public/js/amazeui.min.js
INFO: [ app_init ] --START--
INFO: Run Behavior\BuildLiteBehavior [ RunTime:0.000045s ]
INFO: [ app_init ] --END-- [ RunTime:0.000752s ]
ERR: 无法加载模块:Application

[ 2018-05-15T14:58:20+08:00 ] ::1 /tp/Application/Admin/Public/js/app.js
INFO: [ app_init ] --START--
INFO: Run Behavior\BuildLiteBehavior [ RunTime:0.001814s ]
INFO: [ app_init ] --END-- [ RunTime:0.003277s ]
ERR: 无法加载模块:Application

[ 2018-05-15T14:58:20+08:00 ] ::1 /tp/Application/Admin/Public/js/jquery.min.js
INFO: [ app_init ] --START--
INFO: Run Behavior\BuildLiteBehavior [ RunTime:0.000042s ]
INFO: [ app_init ] --END-- [ RunTime:0.000627s ]
ERR: 无法加载模块:Application

[ 2018-05-15T14:58:20+08:00 ] ::1 /tp/Application/Admin/Public/js/amazeui.min.js
INFO: [ app_init ] --START--
INFO: Run Behavior\BuildLiteBehavior [ RunTime:0.000021s ]
INFO: [ app_init ] --END-- [ RunTime:0.000361s ]
ERR: 无法加载模块:Application

[ 2018-05-15T14:58:20+08:00 ] ::1 /tp/Application/Admin/Public/js/app.js
INFO: [ app_init ] --START--
INFO: Run Behavior\BuildLiteBehavior [ RunTime:0.000032s ]
INFO: [ app_init ] --END-- [ RunTime:0.000392s ]
ERR: 无法加载模块:Application

[ 2018-05-15T14:58:22+08:00 ] ::1 /tp/Application/Admin/Public/js/jquery.min.js
INFO: [ app_init ] --START--
INFO: Run Behavior\BuildLiteBehavior [ RunTime:0.000043s ]
INFO: [ app_init ] --END-- [ RunTime:0.000808s ]
ERR: 无法加载模块:Application

[ 2018-05-15T14:58:22+08:00 ] ::1 /tp/Application/Admin/Public/js/amazeui.min.js
INFO: [ app_init ] --START--
INFO: Run Behavior\BuildLiteBehavior [ RunTime:0.000041s ]
INFO: [ app_init ] --END-- [ RunTime:0.000641s ]
ERR: 无法加载模块:Application

[ 2018-05-15T14:58:22+08:00 ] ::1 /tp/Application/Admin/Public/js/app.js
INFO: [ app_init ] --START--
INFO: Run Behavior\BuildLiteBehavior [ RunTime:0.000099s ]
INFO: [ app_init ] --END-- [ RunTime:0.000784s ]
ERR: 无法加载模块:Application

[ 2018-05-15T14:58:22+08:00 ] ::1 /tp/Application/Admin/Public/js/jquery.min.js
INFO: [ app_init ] --START--
INFO: Run Behavior\BuildLiteBehavior [ RunTime:0.000040s ]
INFO: [ app_init ] --END-- [ RunTime:0.000699s ]
ERR: 无法加载模块:Application

[ 2018-05-15T14:58:22+08:00 ] ::1 /tp/Application/Admin/Public/js/amazeui.min.js
INFO: [ app_init ] --START--
INFO: Run Behavior\BuildLiteBehavior [ RunTime:0.000025s ]
INFO: [ app_init ] --END-- [ RunTime:0.000514s ]
ERR: 无法加载模块:Application

[ 2018-05-15T14:58:22+08:00 ] ::1 /tp/Application/Admin/Public/js/app.js
INFO: [ app_init ] --START--
INFO: Run Behavior\BuildLiteBehavior [ RunTime:0.000028s ]
INFO: [ app_init ] --END-- [ RunTime:0.000564s ]
ERR: 无法加载模块:Application

[ 2018-05-15T15:00:39+08:00 ] ::1 /tp/Application/Admin/Public/js/jquery.min.js
INFO: [ app_init ] --START--
INFO: Run Behavior\BuildLiteBehavior [ RunTime:0.000046s ]
INFO: [ app_init ] --END-- [ RunTime:0.010098s ]
ERR: 无法加载模块:Application

[ 2018-05-15T15:00:39+08:00 ] ::1 /tp/Application/Admin/Public/js/app.js
INFO: [ app_init ] --START--
INFO: Run Behavior\BuildLiteBehavior [ RunTime:0.000050s ]
INFO: [ app_init ] --END-- [ RunTime:0.000799s ]
ERR: 无法加载模块:Application

[ 2018-05-15T15:00:39+08:00 ] ::1 /tp/Application/Admin/Public/js/amazeui.min.js
INFO: [ app_init ] --START--
INFO: Run Behavior\BuildLiteBehavior [ RunTime:0.000044s ]
INFO: [ app_init ] --END-- [ RunTime:0.000832s ]
ERR: 无法加载模块:Application

[ 2018-05-15T15:00:39+08:00 ] ::1 /tp/Application/Admin/Public/js/app.js
INFO: [ app_init ] --START--
INFO: Run Behavior\BuildLiteBehavior [ RunTime:0.000131s ]
INFO: [ app_init ] --END-- [ RunTime:0.003309s ]
ERR: 无法加载模块:Application

[ 2018-05-15T15:01:29+08:00 ] ::1 /tp/Application/Admin/Public/js/jquery.min.js
INFO: [ app_init ] --START--
INFO: Run Behavior\BuildLiteBehavior [ RunTime:0.000046s ]
INFO: [ app_init ] --END-- [ RunTime:0.000924s ]
ERR: 无法加载模块:Application

[ 2018-05-15T15:01:29+08:00 ] ::1 /tp/Application/Admin/Public/js/amazeui.min.js
INFO: [ app_init ] --START--
INFO: Run Behavior\BuildLiteBehavior [ RunTime:0.000039s ]
INFO: [ app_init ] --END-- [ RunTime:0.000649s ]
ERR: 无法加载模块:Application

[ 2018-05-15T15:01:29+08:00 ] ::1 /tp/Application/Admin/Public/js/app.js
INFO: [ app_init ] --START--
INFO: Run Behavior\BuildLiteBehavior [ RunTime:0.000040s ]
INFO: [ app_init ] --END-- [ RunTime:0.003851s ]
ERR: 无法加载模块:Application

[ 2018-05-15T15:01:29+08:00 ] ::1 /tp/Application/Admin/Public/js/jquery.min.js
INFO: [ app_init ] --START--
INFO: Run Behavior\BuildLiteBehavior [ RunTime:0.000040s ]
INFO: [ app_init ] --END-- [ RunTime:0.000770s ]
ERR: 无法加载模块:Application

[ 2018-05-15T15:01:29+08:00 ] ::1 /tp/Application/Admin/Public/js/amazeui.min.js
INFO: [ app_init ] --START--
INFO: Run Behavior\BuildLiteBehavior [ RunTime:0.000025s ]
INFO: [ app_init ] --END-- [ RunTime:0.000490s ]
ERR: 无法加载模块:Application

[ 2018-05-15T15:01:29+08:00 ] ::1 /tp/Application/Admin/Public/js/app.js
INFO: [ app_init ] --START--
INFO: Run Behavior\BuildLiteBehavior [ RunTime:0.000028s ]
INFO: [ app_init ] --END-- [ RunTime:0.000701s ]
ERR: 无法加载模块:Application

[ 2018-05-15T15:04:46+08:00 ] ::1 /tp/Application/Admin/Public/js/jquery.min.js
INFO: [ app_init ] --START--
INFO: Run Behavior\BuildLiteBehavior [ RunTime:0.000047s ]
INFO: [ app_init ] --END-- [ RunTime:0.000814s ]
ERR: 无法加载模块:Application

[ 2018-05-15T15:04:46+08:00 ] ::1 /tp/Application/Admin/Public/js/amazeui.min.js
INFO: [ app_init ] --START--
INFO: Run Behavior\BuildLiteBehavior [ RunTime:0.000046s ]
INFO: [ app_init ] --END-- [ RunTime:0.000690s ]
ERR: 无法加载模块:Application

[ 2018-05-15T15:04:46+08:00 ] ::1 /tp/Application/Admin/Public/js/app.js
INFO: [ app_init ] --START--
INFO: Run Behavior\BuildLiteBehavior [ RunTime:0.000043s ]
INFO: [ app_init ] --END-- [ RunTime:0.000865s ]
ERR: 无法加载模块:Application

[ 2018-05-15T15:04:47+08:00 ] ::1 /tp/Application/Admin/Public/js/jquery.min.js
INFO: [ app_init ] --START--
INFO: Run Behavior\BuildLiteBehavior [ RunTime:0.000101s ]
INFO: [ app_init ] --END-- [ RunTime:0.002259s ]
ERR: 无法加载模块:Application

[ 2018-05-15T15:04:47+08:00 ] ::1 /tp/Application/Admin/Public/js/amazeui.min.js
INFO: [ app_init ] --START--
INFO: Run Behavior\BuildLiteBehavior [ RunTime:0.000022s ]
INFO: [ app_init ] --END-- [ RunTime:0.000369s ]
ERR: 无法加载模块:Application

[ 2018-05-15T15:04:47+08:00 ] ::1 /tp/Application/Admin/Public/js/app.js
INFO: [ app_init ] --START--
INFO: Run Behavior\BuildLiteBehavior [ RunTime:0.000022s ]
INFO: [ app_init ] --END-- [ RunTime:0.000344s ]
ERR: 无法加载模块:Application

[ 2018-05-15T15:07:07+08:00 ] ::1 /tp/Application/Admin/Public/js/jquery.min.js
INFO: [ app_init ] --START--
INFO: Run Behavior\BuildLiteBehavior [ RunTime:0.000054s ]
INFO: [ app_init ] --END-- [ RunTime:0.001833s ]
ERR: 无法加载模块:Application

[ 2018-05-15T15:07:07+08:00 ] ::1 /tp/Application/Admin/Public/js/amazeui.min.js
INFO: [ app_init ] --START--
INFO: Run Behavior\BuildLiteBehavior [ RunTime:0.000027s ]
INFO: [ app_init ] --END-- [ RunTime:0.000733s ]
ERR: 无法加载模块:Application

[ 2018-05-15T15:07:07+08:00 ] ::1 /tp/Application/Admin/Public/js/app.js
INFO: [ app_init ] --START--
INFO: Run Behavior\BuildLiteBehavior [ RunTime:0.000043s ]
INFO: [ app_init ] --END-- [ RunTime:0.000755s ]
ERR: 无法加载模块:Application

[ 2018-05-15T15:07:07+08:00 ] ::1 /tp/Application/Admin/Public/js/jquery.min.js
INFO: [ app_init ] --START--
INFO: Run Behavior\BuildLiteBehavior [ RunTime:0.000037s ]
INFO: [ app_init ] --END-- [ RunTime:0.000740s ]
ERR: 无法加载模块:Application

[ 2018-05-15T15:07:07+08:00 ] ::1 /tp/Application/Admin/Public/js/amazeui.min.js
INFO: [ app_init ] --START--
INFO: Run Behavior\BuildLiteBehavior [ RunTime:0.000037s ]
INFO: [ app_init ] --END-- [ RunTime:0.002234s ]
ERR: 无法加载模块:Application

[ 2018-05-15T15:07:07+08:00 ] ::1 /tp/Application/Admin/Public/js/app.js
INFO: [ app_init ] --START--
INFO: Run Behavior\BuildLiteBehavior [ RunTime:0.000026s ]
INFO: [ app_init ] --END-- [ RunTime:0.000623s ]
ERR: 无法加载模块:Application

[ 2018-05-15T15:07:17+08:00 ] ::1 /tp/Application/Admin/Admin/index
INFO: [ app_init ] --START--
INFO: Run Behavior\BuildLiteBehavior [ RunTime:0.000025s ]
INFO: [ app_init ] --END-- [ RunTime:0.000545s ]
ERR: 无法加载模块:Application

[ 2018-05-15T15:07:41+08:00 ] ::1 /tp/Application/Admin/Admin/index
INFO: [ app_init ] --START--
INFO: Run Behavior\BuildLiteBehavior [ RunTime:0.000025s ]
INFO: [ app_init ] --END-- [ RunTime:0.000441s ]
ERR: 无法加载模块:Application

[ 2018-05-15T15:07:42+08:00 ] ::1 /tp/Application/Admin/Admin/index
INFO: [ app_init ] --START--
INFO: Run Behavior\BuildLiteBehavior [ RunTime:0.000035s ]
INFO: [ app_init ] --END-- [ RunTime:0.000632s ]
ERR: 无法加载模块:Application

[ 2018-05-15T15:07:42+08:00 ] ::1 /tp/Application/Admin/Admin/index
INFO: [ app_init ] --START--
INFO: Run Behavior\BuildLiteBehavior [ RunTime:0.000029s ]
INFO: [ app_init ] --END-- [ RunTime:0.000733s ]
ERR: 无法加载模块:Application

[ 2018-05-15T15:08:03+08:00 ] ::1 /tp/Application/Admin/Admin/index
INFO: [ app_init ] --START--
INFO: Run Behavior\BuildLiteBehavior [ RunTime:0.000033s ]
INFO: [ app_init ] --END-- [ RunTime:0.000549s ]
ERR: 无法加载模块:Application

[ 2018-05-15T15:08:04+08:00 ] ::1 /tp/Application/Admin/Admin/index
INFO: [ app_init ] --START--
INFO: Run Behavior\BuildLiteBehavior [ RunTime:0.000061s ]
INFO: [ app_init ] --END-- [ RunTime:0.000667s ]
ERR: 无法加载模块:Application

[ 2018-05-15T15:08:42+08:00 ] ::1 /tp/Application/Admin/admin/index
INFO: [ app_init ] --START--
INFO: Run Behavior\BuildLiteBehavior [ RunTime:0.000044s ]
INFO: [ app_init ] --END-- [ RunTime:0.000774s ]
ERR: 无法加载模块:Application

[ 2018-05-15T15:09:50+08:00 ] ::1 /tp/Application/Admin/admin/index
INFO: [ app_init ] --START--
INFO: Run Behavior\BuildLiteBehavior [ RunTime:0.000030s ]
INFO: [ app_init ] --END-- [ RunTime:0.000581s ]
ERR: 无法加载模块:Application

[ 2018-05-15T15:09:50+08:00 ] ::1 /tp/Application/Admin/admin/index
INFO: [ app_init ] --START--
INFO: Run Behavior\BuildLiteBehavior [ RunTime:0.000033s ]
INFO: [ app_init ] --END-- [ RunTime:0.000528s ]
ERR: 无法加载模块:Application

[ 2018-05-15T15:10:06+08:00 ] ::1 /tp/Application/Admin/admin/index
INFO: [ app_init ] --START--
INFO: Run Behavior\BuildLiteBehavior [ RunTime:0.000037s ]
INFO: [ app_init ] --END-- [ RunTime:0.000610s ]
ERR: 无法加载模块:Application

[ 2018-05-15T15:10:07+08:00 ] ::1 /tp/Application/Admin/Admin/index
INFO: [ app_init ] --START--
INFO: Run Behavior\BuildLiteBehavior [ RunTime:0.000027s ]
INFO: [ app_init ] --END-- [ RunTime:0.000649s ]
ERR: 无法加载模块:Application

[ 2018-05-15T15:10:08+08:00 ] ::1 /tp/Application/Admin/Public/js/jquery.min.js
INFO: [ app_init ] --START--
INFO: Run Behavior\BuildLiteBehavior [ RunTime:0.000045s ]
INFO: [ app_init ] --END-- [ RunTime:0.000854s ]
ERR: 无法加载模块:Application

[ 2018-05-15T15:10:08+08:00 ] ::1 /tp/Application/Admin/Public/js/amazeui.min.js
INFO: [ app_init ] --START--
INFO: Run Behavior\BuildLiteBehavior [ RunTime:0.000042s ]
INFO: [ app_init ] --END-- [ RunTime:0.001434s ]
ERR: 无法加载模块:Application

[ 2018-05-15T15:10:08+08:00 ] ::1 /tp/Application/Admin/Public/js/app.js
INFO: [ app_init ] --START--
INFO: Run Behavior\BuildLiteBehavior [ RunTime:0.000048s ]
INFO: [ app_init ] --END-- [ RunTime:0.000818s ]
ERR: 无法加载模块:Application

[ 2018-05-15T15:10:08+08:00 ] ::1 /tp/Application/Admin/Public/js/jquery.min.js
INFO: [ app_init ] --START--
INFO: Run Behavior\BuildLiteBehavior [ RunTime:0.000028s ]
INFO: [ app_init ] --END-- [ RunTime:0.000808s ]
ERR: 无法加载模块:Application

[ 2018-05-15T15:10:09+08:00 ] ::1 /tp/Application/Admin/Public/js/amazeui.min.js
INFO: [ app_init ] --START--
INFO: Run Behavior\BuildLiteBehavior [ RunTime:0.000042s ]
INFO: [ app_init ] --END-- [ RunTime:0.000560s ]
ERR: 无法加载模块:Application

[ 2018-05-15T15:10:09+08:00 ] ::1 /tp/Application/Admin/Public/js/app.js
INFO: [ app_init ] --START--
INFO: Run Behavior\BuildLiteBehavior [ RunTime:0.000040s ]
INFO: [ app_init ] --END-- [ RunTime:0.000657s ]
ERR: 无法加载模块:Application

[ 2018-05-15T15:10:41+08:00 ] ::1 /tp/Application/Admin/Public/js/jquery.min.js
INFO: [ app_init ] --START--
INFO: Run Behavior\BuildLiteBehavior [ RunTime:0.000039s ]
INFO: [ app_init ] --END-- [ RunTime:0.000742s ]
ERR: 无法加载模块:Application

[ 2018-05-15T15:10:41+08:00 ] ::1 /tp/Application/Admin/Public/js/amazeui.min.js
INFO: [ app_init ] --START--
INFO: Run Behavior\BuildLiteBehavior [ RunTime:0.000192s ]
INFO: [ app_init ] --END-- [ RunTime:0.001191s ]
ERR: 无法加载模块:Application

[ 2018-05-15T15:10:41+08:00 ] ::1 /tp/Application/Admin/Public/js/app.js
INFO: [ app_init ] --START--
INFO: Run Behavior\BuildLiteBehavior [ RunTime:0.000047s ]
INFO: [ app_init ] --END-- [ RunTime:0.000659s ]
ERR: 无法加载模块:Application

[ 2018-05-15T15:10:41+08:00 ] ::1 /tp/Application/Admin/Public/js/jquery.min.js
INFO: [ app_init ] --START--
INFO: Run Behavior\BuildLiteBehavior [ RunTime:0.000053s ]
INFO: [ app_init ] --END-- [ RunTime:0.000824s ]
ERR: 无法加载模块:Application

[ 2018-05-15T15:10:42+08:00 ] ::1 /tp/Application/Admin/Public/js/amazeui.min.js
INFO: [ app_init ] --START--
INFO: Run Behavior\BuildLiteBehavior [ RunTime:0.000046s ]
INFO: [ app_init ] --END-- [ RunTime:0.000707s ]
ERR: 无法加载模块:Application

[ 2018-05-15T15:10:42+08:00 ] ::1 /tp/Application/Admin/Public/js/app.js
INFO: [ app_init ] --START--
INFO: Run Behavior\BuildLiteBehavior [ RunTime:0.000027s ]
INFO: [ app_init ] --END-- [ RunTime:0.000404s ]
ERR: 无法加载模块:Application

[ 2018-05-15T15:10:51+08:00 ] ::1 /tp/index.php/Application/Admin/Admin/index
INFO: [ app_init ] --START--
INFO: Run Behavior\BuildLiteBehavior [ RunTime:0.000063s ]
INFO: [ app_init ] --END-- [ RunTime:0.000620s ]
ERR: 无法加载模块:Application

[ 2018-05-15T15:10:54+08:00 ] ::1 /tp/Application/Admin/Public/js/jquery.min.js
INFO: [ app_init ] --START--
INFO: Run Behavior\BuildLiteBehavior [ RunTime:0.000063s ]
INFO: [ app_init ] --END-- [ RunTime:0.000835s ]
ERR: 无法加载模块:Application

[ 2018-05-15T15:10:54+08:00 ] ::1 /tp/Application/Admin/Public/js/app.js
INFO: [ app_init ] --START--
INFO: Run Behavior\BuildLiteBehavior [ RunTime:0.000059s ]
INFO: [ app_init ] --END-- [ RunTime:0.001851s ]
ERR: 无法加载模块:Application

[ 2018-05-15T15:10:54+08:00 ] ::1 /tp/Application/Admin/Public/js/amazeui.min.js
INFO: [ app_init ] --START--
INFO: Run Behavior\BuildLiteBehavior [ RunTime:0.000227s ]
INFO: [ app_init ] --END-- [ RunTime:0.002578s ]
ERR: 无法加载模块:Application

[ 2018-05-15T15:10:54+08:00 ] ::1 /tp/Application/Admin/Public/js/jquery.min.js
INFO: [ app_init ] --START--
INFO: Run Behavior\BuildLiteBehavior [ RunTime:0.000040s ]
INFO: [ app_init ] --END-- [ RunTime:0.000656s ]
ERR: 无法加载模块:Application

[ 2018-05-15T15:10:54+08:00 ] ::1 /tp/Application/Admin/Public/js/amazeui.min.js
INFO: [ app_init ] --START--
INFO: Run Behavior\BuildLiteBehavior [ RunTime:0.000040s ]
INFO: [ app_init ] --END-- [ RunTime:0.000762s ]
ERR: 无法加载模块:Application

[ 2018-05-15T15:10:54+08:00 ] ::1 /tp/Application/Admin/Public/js/app.js
INFO: [ app_init ] --START--
INFO: Run Behavior\BuildLiteBehavior [ RunTime:0.000088s ]
INFO: [ app_init ] --END-- [ RunTime:0.001008s ]
ERR: 无法加载模块:Application

[ 2018-05-15T15:11:11+08:00 ] ::1 /tp/Application/Admin/Public/js/jquery.min.js
INFO: [ app_init ] --START--
INFO: Run Behavior\BuildLiteBehavior [ RunTime:0.000092s ]
INFO: [ app_init ] --END-- [ RunTime:0.001115s ]
ERR: 无法加载模块:Application

[ 2018-05-15T15:11:11+08:00 ] ::1 /tp/Application/Admin/Public/js/app.js
INFO: [ app_init ] --START--
INFO: Run Behavior\BuildLiteBehavior [ RunTime:0.000058s ]
INFO: [ app_init ] --END-- [ RunTime:0.000682s ]
ERR: 无法加载模块:Application

[ 2018-05-15T15:11:11+08:00 ] ::1 /tp/Application/Admin/Public/js/amazeui.min.js
INFO: [ app_init ] --START--
INFO: Run Behavior\BuildLiteBehavior [ RunTime:0.000048s ]
INFO: [ app_init ] --END-- [ RunTime:0.001445s ]
ERR: 无法加载模块:Application

[ 2018-05-15T15:11:11+08:00 ] ::1 /tp/Application/Admin/Public/js/jquery.min.js
INFO: [ app_init ] --START--
INFO: Run Behavior\BuildLiteBehavior [ RunTime:0.000036s ]
INFO: [ app_init ] --END-- [ RunTime:0.000733s ]
ERR: 无法加载模块:Application

[ 2018-05-15T15:11:11+08:00 ] ::1 /tp/Application/Admin/Public/js/amazeui.min.js
INFO: [ app_init ] --START--
INFO: Run Behavior\BuildLiteBehavior [ RunTime:0.000043s ]
INFO: [ app_init ] --END-- [ RunTime:0.000827s ]
ERR: 无法加载模块:Application

[ 2018-05-15T15:11:11+08:00 ] ::1 /tp/Application/Admin/Public/js/app.js
INFO: [ app_init ] --START--
INFO: Run Behavior\BuildLiteBehavior [ RunTime:0.000024s ]
INFO: [ app_init ] --END-- [ RunTime:0.000436s ]
ERR: 无法加载模块:Application

[ 2018-05-15T15:11:56+08:00 ] ::1 /tp/Application/Admin/Public/js/jquery.min.js
INFO: [ app_init ] --START--
INFO: Run Behavior\BuildLiteBehavior [ RunTime:0.000040s ]
INFO: [ app_init ] --END-- [ RunTime:0.000668s ]
ERR: 无法加载模块:Application

[ 2018-05-15T15:11:56+08:00 ] ::1 /tp/Application/Admin/Public/js/amazeui.min.js
INFO: [ app_init ] --START--
INFO: Run Behavior\BuildLiteBehavior [ RunTime:0.000022s ]
INFO: [ app_init ] --END-- [ RunTime:0.000377s ]
ERR: 无法加载模块:Application

[ 2018-05-15T15:11:56+08:00 ] ::1 /tp/Application/Admin/Public/js/app.js
INFO: [ app_init ] --START--
INFO: Run Behavior\BuildLiteBehavior [ RunTime:0.000045s ]
INFO: [ app_init ] --END-- [ RunTime:0.000888s ]
ERR: 无法加载模块:Application

[ 2018-05-15T15:11:56+08:00 ] ::1 /tp/Application/Admin/Public/js/jquery.min.js
INFO: [ app_init ] --START--
INFO: Run Behavior\BuildLiteBehavior [ RunTime:0.000056s ]
INFO: [ app_init ] --END-- [ RunTime:0.002190s ]
ERR: 无法加载模块:Application

[ 2018-05-15T15:11:57+08:00 ] ::1 /tp/Application/Admin/Public/js/amazeui.min.js
INFO: [ app_init ] --START--
INFO: Run Behavior\BuildLiteBehavior [ RunTime:0.000041s ]
INFO: [ app_init ] --END-- [ RunTime:0.000673s ]
ERR: 无法加载模块:Application

[ 2018-05-15T15:11:57+08:00 ] ::1 /tp/Application/Admin/Public/js/app.js
INFO: [ app_init ] --START--
INFO: Run Behavior\BuildLiteBehavior [ RunTime:0.000043s ]
INFO: [ app_init ] --END-- [ RunTime:0.000614s ]
ERR: 无法加载模块:Application

[ 2018-05-15T15:11:59+08:00 ] ::1 /tp/Application/Admin/Public/js/jquery.min.js
INFO: [ app_init ] --START--
INFO: Run Behavior\BuildLiteBehavior [ RunTime:0.000038s ]
INFO: [ app_init ] --END-- [ RunTime:0.000576s ]
ERR: 无法加载模块:Application

[ 2018-05-15T15:11:59+08:00 ] ::1 /tp/Application/Admin/Public/js/amazeui.min.js
INFO: [ app_init ] --START--
INFO: Run Behavior\BuildLiteBehavior [ RunTime:0.000042s ]
INFO: [ app_init ] --END-- [ RunTime:0.000749s ]
ERR: 无法加载模块:Application

[ 2018-05-15T15:11:59+08:00 ] ::1 /tp/Application/Admin/Public/js/app.js
INFO: [ app_init ] --START--
INFO: Run Behavior\BuildLiteBehavior [ RunTime:0.000047s ]
INFO: [ app_init ] --END-- [ RunTime:0.001121s ]
ERR: 无法加载模块:Application

[ 2018-05-15T15:11:59+08:00 ] ::1 /tp/Application/Admin/Public/js/jquery.min.js
INFO: [ app_init ] --START--
INFO: Run Behavior\BuildLiteBehavior [ RunTime:0.000041s ]
INFO: [ app_init ] --END-- [ RunTime:0.000764s ]
ERR: 无法加载模块:Application

[ 2018-05-15T15:11:59+08:00 ] ::1 /tp/Application/Admin/Public/js/amazeui.min.js
INFO: [ app_init ] --START--
INFO: Run Behavior\BuildLiteBehavior [ RunTime:0.000049s ]
INFO: [ app_init ] --END-- [ RunTime:0.000722s ]
ERR: 无法加载模块:Application

[ 2018-05-15T15:11:59+08:00 ] ::1 /tp/Application/Admin/Public/js/app.js
INFO: [ app_init ] --START--
INFO: Run Behavior\BuildLiteBehavior [ RunTime:0.000047s ]
INFO: [ app_init ] --END-- [ RunTime:0.000618s ]
ERR: 无法加载模块:Application

[ 2018-05-15T15:12:12+08:00 ] ::1 /tp/Application/Admin/Public/js/jquery.min.js
INFO: [ app_init ] --START--
INFO: Run Behavior\BuildLiteBehavior [ RunTime:0.000052s ]
INFO: [ app_init ] --END-- [ RunTime:0.001620s ]
ERR: 无法加载模块:Application

[ 2018-05-15T15:12:12+08:00 ] ::1 /tp/Application/Admin/Public/js/amazeui.min.js
INFO: [ app_init ] --START--
INFO: Run Behavior\BuildLiteBehavior [ RunTime:0.000036s ]
INFO: [ app_init ] --END-- [ RunTime:0.000534s ]
ERR: 无法加载模块:Application

[ 2018-05-15T15:12:12+08:00 ] ::1 /tp/Application/Admin/Public/js/app.js
INFO: [ app_init ] --START--
INFO: Run Behavior\BuildLiteBehavior [ RunTime:0.000038s ]
INFO: [ app_init ] --END-- [ RunTime:0.000620s ]
ERR: 无法加载模块:Application

[ 2018-05-15T15:12:12+08:00 ] ::1 /tp/Application/Admin/Public/js/jquery.min.js
INFO: [ app_init ] --START--
INFO: Run Behavior\BuildLiteBehavior [ RunTime:0.000047s ]
INFO: [ app_init ] --END-- [ RunTime:0.000767s ]
ERR: 无法加载模块:Application

[ 2018-05-15T15:12:12+08:00 ] ::1 /tp/Application/Admin/Public/js/amazeui.min.js
INFO: [ app_init ] --START--
INFO: Run Behavior\BuildLiteBehavior [ RunTime:0.000043s ]
INFO: [ app_init ] --END-- [ RunTime:0.000906s ]
ERR: 无法加载模块:Application

[ 2018-05-15T15:12:12+08:00 ] ::1 /tp/Application/Admin/Public/js/app.js
INFO: [ app_init ] --START--
INFO: Run Behavior\BuildLiteBehavior [ RunTime:0.000037s ]
INFO: [ app_init ] --END-- [ RunTime:0.000601s ]
ERR: 无法加载模块:Application

[ 2018-05-15T15:12:13+08:00 ] ::1 /tp/Application/Admin/Public/js/jquery.min.js
INFO: [ app_init ] --START--
INFO: Run Behavior\BuildLiteBehavior [ RunTime:0.000356s ]
INFO: [ app_init ] --END-- [ RunTime:0.001838s ]
ERR: 无法加载模块:Application

[ 2018-05-15T15:12:13+08:00 ] ::1 /tp/Application/Admin/Public/js/amazeui.min.js
INFO: [ app_init ] --START--
INFO: Run Behavior\BuildLiteBehavior [ RunTime:0.000022s ]
INFO: [ app_init ] --END-- [ RunTime:0.000395s ]
ERR: 无法加载模块:Application

[ 2018-05-15T15:12:13+08:00 ] ::1 /tp/Application/Admin/Public/js/app.js
INFO: [ app_init ] --START--
INFO: Run Behavior\BuildLiteBehavior [ RunTime:0.000037s ]
INFO: [ app_init ] --END-- [ RunTime:0.000793s ]
ERR: 无法加载模块:Application

[ 2018-05-15T15:12:13+08:00 ] ::1 /tp/Application/Admin/Public/js/jquery.min.js
INFO: [ app_init ] --START--
INFO: Run Behavior\BuildLiteBehavior [ RunTime:0.000045s ]
INFO: [ app_init ] --END-- [ RunTime:0.000900s ]
ERR: 无法加载模块:Application

[ 2018-05-15T15:12:13+08:00 ] ::1 /tp/Application/Admin/Public/js/amazeui.min.js
INFO: [ app_init ] --START--
INFO: Run Behavior\BuildLiteBehavior [ RunTime:0.000044s ]
INFO: [ app_init ] --END-- [ RunTime:0.000739s ]
ERR: 无法加载模块:Application

[ 2018-05-15T15:12:14+08:00 ] ::1 /tp/Application/Admin/Public/js/app.js
INFO: [ app_init ] --START--
INFO: Run Behavior\BuildLiteBehavior [ RunTime:0.000025s ]
INFO: [ app_init ] --END-- [ RunTime:0.000486s ]
ERR: 无法加载模块:Application

[ 2018-05-15T15:13:45+08:00 ] ::1 /tp/Application/Admin/Public/js/jquery.min.js
INFO: [ app_init ] --START--
INFO: Run Behavior\BuildLiteBehavior [ RunTime:0.000037s ]
INFO: [ app_init ] --END-- [ RunTime:0.000588s ]
ERR: 无法加载模块:Application

[ 2018-05-15T15:13:45+08:00 ] ::1 /tp/Application/Admin/Public/js/amazeui.min.js
INFO: [ app_init ] --START--
INFO: Run Behavior\BuildLiteBehavior [ RunTime:0.000041s ]
INFO: [ app_init ] --END-- [ RunTime:0.000711s ]
ERR: 无法加载模块:Application

[ 2018-05-15T15:13:45+08:00 ] ::1 /tp/Application/Admin/Public/js/app.js
INFO: [ app_init ] --START--
INFO: Run Behavior\BuildLiteBehavior [ RunTime:0.000049s ]
INFO: [ app_init ] --END-- [ RunTime:0.000775s ]
ERR: 无法加载模块:Application

[ 2018-05-15T15:13:45+08:00 ] ::1 /tp/Application/Admin/Public/js/jquery.min.js
INFO: [ app_init ] --START--
INFO: Run Behavior\BuildLiteBehavior [ RunTime:0.000036s ]
INFO: [ app_init ] --END-- [ RunTime:0.000636s ]
ERR: 无法加载模块:Application

[ 2018-05-15T15:13:46+08:00 ] ::1 /tp/Application/Admin/Public/js/amazeui.min.js
INFO: [ app_init ] --START--
INFO: Run Behavior\BuildLiteBehavior [ RunTime:0.000023s ]
INFO: [ app_init ] --END-- [ RunTime:0.000397s ]
ERR: 无法加载模块:Application

[ 2018-05-15T15:13:46+08:00 ] ::1 /tp/Application/Admin/Public/js/app.js
INFO: [ app_init ] --START--
INFO: Run Behavior\BuildLiteBehavior [ RunTime:0.000024s ]
INFO: [ app_init ] --END-- [ RunTime:0.000570s ]
ERR: 无法加载模块:Application

[ 2018-05-15T15:15:54+08:00 ] ::1 /tp/Application/Admin/Public/assets/js/jquery.min.js
INFO: [ app_init ] --START--
INFO: Run Behavior\BuildLiteBehavior [ RunTime:0.000037s ]
INFO: [ app_init ] --END-- [ RunTime:0.000652s ]
ERR: 无法加载模块:Application

[ 2018-05-15T15:20:48+08:00 ] ::1 /tp/Application/Admin/Public/assets/js/jquery.min.js
INFO: [ app_init ] --START--
INFO: Run Behavior\BuildLiteBehavior [ RunTime:0.000037s ]
INFO: [ app_init ] --END-- [ RunTime:0.000693s ]
ERR: 无法加载模块:Application

[ 2018-05-15T15:20:49+08:00 ] ::1 /tp/Application/Admin/Public/assets/js/jquery.min.js
INFO: [ app_init ] --START--
INFO: Run Behavior\BuildLiteBehavior [ RunTime:0.000196s ]
INFO: [ app_init ] --END-- [ RunTime:0.003034s ]
ERR: 无法加载模块:Application

[ 2018-05-15T15:21:22+08:00 ] ::1 /tp/Application/Admin/Public/assets/js/jquery.min.js
INFO: [ app_init ] --START--
INFO: Run Behavior\BuildLiteBehavior [ RunTime:0.000024s ]
INFO: [ app_init ] --END-- [ RunTime:0.000368s ]
ERR: 无法加载模块:Application

[ 2018-05-15T15:21:56+08:00 ] ::1 /tp/Application/Admin/Public/assets/js/jquery.min.js
INFO: [ app_init ] --START--
INFO: Run Behavior\BuildLiteBehavior [ RunTime:0.000046s ]
INFO: [ app_init ] --END-- [ RunTime:0.000633s ]
ERR: 无法加载模块:Application

[ 2018-05-15T15:21:57+08:00 ] ::1 /tp/Application/Admin/Public/assets/js/jquery.min.js
INFO: [ app_init ] --START--
INFO: Run Behavior\BuildLiteBehavior [ RunTime:0.000021s ]
INFO: [ app_init ] --END-- [ RunTime:0.000349s ]
ERR: 无法加载模块:Application

[ 2018-05-15T15:22:14+08:00 ] ::1 /tp/Application/Admin/Public/assets/js/jquery.min.js
INFO: [ app_init ] --START--
INFO: Run Behavior\BuildLiteBehavior [ RunTime:0.000035s ]
INFO: [ app_init ] --END-- [ RunTime:0.000538s ]
ERR: 无法加载模块:Application

[ 2018-05-15T15:22:15+08:00 ] ::1 /tp/Application/Admin/Public/assets/js/jquery.min.js
INFO: [ app_init ] --START--
INFO: Run Behavior\BuildLiteBehavior [ RunTime:0.000047s ]
INFO: [ app_init ] --END-- [ RunTime:0.000735s ]
ERR: 无法加载模块:Application

[ 2018-05-15T15:22:15+08:00 ] ::1 /tp/Application/Admin/Public/assets/js/jquery.min.js
INFO: [ app_init ] --START--
INFO: Run Behavior\BuildLiteBehavior [ RunTime:0.000023s ]
INFO: [ app_init ] --END-- [ RunTime:0.000410s ]
ERR: 无法加载模块:Application

[ 2018-05-15T15:22:15+08:00 ] ::1 /tp/Application/Admin/Public/assets/js/jquery.min.js
INFO: [ app_init ] --START--
INFO: Run Behavior\BuildLiteBehavior [ RunTime:0.000088s ]
INFO: [ app_init ] --END-- [ RunTime:0.000868s ]
ERR: 无法加载模块:Application

[ 2018-05-15T15:22:15+08:00 ] ::1 /tp/Application/Admin/Public/assets/js/jquery.min.js
INFO: [ app_init ] --START--
INFO: Run Behavior\BuildLiteBehavior [ RunTime:0.000037s ]
INFO: [ app_init ] --END-- [ RunTime:0.000585s ]
ERR: 无法加载模块:Application

[ 2018-05-15T15:22:27+08:00 ] ::1 /tp/Application/Admin/Public/assets/js/jquery.min.js
INFO: [ app_init ] --START--
INFO: Run Behavior\BuildLiteBehavior [ RunTime:0.000057s ]
INFO: [ app_init ] --END-- [ RunTime:0.001030s ]
ERR: 无法加载模块:Application

[ 2018-05-15T15:22:55+08:00 ] ::1 /tp/Application/Admin/Public/assets/js/jquery.min.js
INFO: [ app_init ] --START--
INFO: Run Behavior\BuildLiteBehavior [ RunTime:0.000022s ]
INFO: [ app_init ] --END-- [ RunTime:0.000344s ]
ERR: 无法加载模块:Application

[ 2018-05-15T15:24:18+08:00 ] ::1 /tp/Application/Admin/Public/assets/js/jquery.min.js
INFO: [ app_init ] --START--
INFO: Run Behavior\BuildLiteBehavior [ RunTime:0.000025s ]
INFO: [ app_init ] --END-- [ RunTime:0.000613s ]
ERR: 无法加载模块:Application

[ 2018-05-15T15:24:19+08:00 ] ::1 /tp/Application/Admin/Public/assets/js/jquery.min.js
INFO: [ app_init ] --START--
INFO: Run Behavior\BuildLiteBehavior [ RunTime:0.000030s ]
INFO: [ app_init ] --END-- [ RunTime:0.000593s ]
ERR: 无法加载模块:Application

[ 2018-05-15T15:24:19+08:00 ] ::1 /tp/Application/Admin/Public/assets/js/jquery.min.js
INFO: [ app_init ] --START--
INFO: Run Behavior\BuildLiteBehavior [ RunTime:0.000042s ]
INFO: [ app_init ] --END-- [ RunTime:0.000584s ]
ERR: 无法加载模块:Application

[ 2018-05-15T15:26:11+08:00 ] ::1 /tp/Application/Admin/Public/assets/js/jquery.min.js
INFO: [ app_init ] --START--
INFO: Run Behavior\BuildLiteBehavior [ RunTime:0.000022s ]
INFO: [ app_init ] --END-- [ RunTime:0.000382s ]
ERR: 无法加载模块:Application

[ 2018-05-15T15:26:12+08:00 ] ::1 /tp/Application/Admin/Public/assets/js/jquery.min.js
INFO: [ app_init ] --START--
INFO: Run Behavior\BuildLiteBehavior [ RunTime:0.000036s ]
INFO: [ app_init ] --END-- [ RunTime:0.000592s ]
ERR: 无法加载模块:Application

[ 2018-05-15T15:26:40+08:00 ] ::1 /tp/Application/Admin/Public/assets/js/jquery.min.js
INFO: [ app_init ] --START--
INFO: Run Behavior\BuildLiteBehavior [ RunTime:0.000039s ]
INFO: [ app_init ] --END-- [ RunTime:0.000609s ]
ERR: 无法加载模块:Application

[ 2018-05-15T15:26:42+08:00 ] ::1 /tp/Application/Admin/Public/assets/js/jquery.min.js
INFO: [ app_init ] --START--
INFO: Run Behavior\BuildLiteBehavior [ RunTime:0.000038s ]
INFO: [ app_init ] --END-- [ RunTime:0.000559s ]
ERR: 无法加载模块:Application

[ 2018-05-15T15:26:42+08:00 ] ::1 /tp/Application/Admin/Public/assets/js/jquery.min.js
INFO: [ app_init ] --START--
INFO: Run Behavior\BuildLiteBehavior [ RunTime:0.000041s ]
INFO: [ app_init ] --END-- [ RunTime:0.000685s ]
ERR: 无法加载模块:Application

[ 2018-05-15T15:26:43+08:00 ] ::1 /tp/Application/Admin/Public/assets/js/jquery.min.js
INFO: [ app_init ] --START--
INFO: Run Behavior\BuildLiteBehavior [ RunTime:0.000054s ]
INFO: [ app_init ] --END-- [ RunTime:0.000649s ]
ERR: 无法加载模块:Application

[ 2018-05-15T15:26:44+08:00 ] ::1 /tp/Application/Admin/Public/assets/js/jquery.min.js
INFO: [ app_init ] --START--
INFO: Run Behavior\BuildLiteBehavior [ RunTime:0.000035s ]
INFO: [ app_init ] --END-- [ RunTime:0.000606s ]
ERR: 无法加载模块:Application

[ 2018-05-15T15:26:45+08:00 ] ::1 /tp/Application/Admin/Public/assets/js/jquery.min.js
INFO: [ app_init ] --START--
INFO: Run Behavior\BuildLiteBehavior [ RunTime:0.000037s ]
INFO: [ app_init ] --END-- [ RunTime:0.000585s ]
ERR: 无法加载模块:Application

[ 2018-05-15T15:26:53+08:00 ] ::1 /tp/Application/Admin/Public/assets/js/jquery.min.js
INFO: [ app_init ] --START--
INFO: Run Behavior\BuildLiteBehavior [ RunTime:0.000023s ]
INFO: [ app_init ] --END-- [ RunTime:0.000350s ]
ERR: 无法加载模块:Application

[ 2018-05-15T15:28:39+08:00 ] ::1 /tp/Application/Admin/Public/assets/js/jquery.min.js
INFO: [ app_init ] --START--
INFO: Run Behavior\BuildLiteBehavior [ RunTime:0.000033s ]
INFO: [ app_init ] --END-- [ RunTime:0.001991s ]
ERR: 无法加载模块:Application

[ 2018-05-15T15:28:39+08:00 ] ::1 /tp/Application/Admin/Public/assets/js/jquery.min.js
INFO: [ app_init ] --START--
INFO: Run Behavior\BuildLiteBehavior [ RunTime:0.000041s ]
INFO: [ app_init ] --END-- [ RunTime:0.000612s ]
ERR: 无法加载模块:Application

[ 2018-05-15T15:28:45+08:00 ] ::1 /tp/Application/Admin/Public/js/jquery.min.js
INFO: [ app_init ] --START--
INFO: Run Behavior\BuildLiteBehavior [ RunTime:0.000033s ]
INFO: [ app_init ] --END-- [ RunTime:0.000526s ]
ERR: 无法加载模块:Application

[ 2018-05-15T15:28:45+08:00 ] ::1 /tp/Application/Admin/Public/js/amazeui.min.js
INFO: [ app_init ] --START--
INFO: Run Behavior\BuildLiteBehavior [ RunTime:0.000040s ]
INFO: [ app_init ] --END-- [ RunTime:0.000583s ]
ERR: 无法加载模块:Application

[ 2018-05-15T15:28:45+08:00 ] ::1 /tp/Application/Admin/Public/js/app.js
INFO: [ app_init ] --START--
INFO: Run Behavior\BuildLiteBehavior [ RunTime:0.000027s ]
INFO: [ app_init ] --END-- [ RunTime:0.000506s ]
ERR: 无法加载模块:Application

[ 2018-05-15T15:28:45+08:00 ] ::1 /tp/Application/Admin/Public/js/jquery.min.js
INFO: [ app_init ] --START--
INFO: Run Behavior\BuildLiteBehavior [ RunTime:0.000042s ]
INFO: [ app_init ] --END-- [ RunTime:0.001872s ]
ERR: 无法加载模块:Application

[ 2018-05-15T15:28:45+08:00 ] ::1 /tp/Application/Admin/Public/js/amazeui.min.js
INFO: [ app_init ] --START--
INFO: Run Behavior\BuildLiteBehavior [ RunTime:0.000024s ]
INFO: [ app_init ] --END-- [ RunTime:0.000532s ]
ERR: 无法加载模块:Application

[ 2018-05-15T15:28:45+08:00 ] ::1 /tp/Application/Admin/Public/js/app.js
INFO: [ app_init ] --START--
INFO: Run Behavior\BuildLiteBehavior [ RunTime:0.000021s ]
INFO: [ app_init ] --END-- [ RunTime:0.000359s ]
ERR: 无法加载模块:Application

[ 2018-05-15T15:28:48+08:00 ] ::1 /tp/Application/Admin/Public/assets/js/jquery.min.js
INFO: [ app_init ] --START--
INFO: Run Behavior\BuildLiteBehavior [ RunTime:0.000037s ]
INFO: [ app_init ] --END-- [ RunTime:0.000648s ]
ERR: 无法加载模块:Application

[ 2018-05-15T15:30:11+08:00 ] ::1 /tp/Application/Admin/Public/js/jquery.min.js
INFO: [ app_init ] --START--
INFO: Run Behavior\BuildLiteBehavior [ RunTime:0.000043s ]
INFO: [ app_init ] --END-- [ RunTime:0.000799s ]
ERR: 无法加载模块:Application

[ 2018-05-15T15:30:11+08:00 ] ::1 /tp/Application/Admin/Public/js/amazeui.min.js
INFO: [ app_init ] --START--
INFO: Run Behavior\BuildLiteBehavior [ RunTime:0.000034s ]
INFO: [ app_init ] --END-- [ RunTime:0.000560s ]
ERR: 无法加载模块:Application

[ 2018-05-15T15:30:12+08:00 ] ::1 /tp/Application/Admin/Public/js/app.js
INFO: [ app_init ] --START--
INFO: Run Behavior\BuildLiteBehavior [ RunTime:0.000051s ]
INFO: [ app_init ] --END-- [ RunTime:0.000803s ]
ERR: 无法加载模块:Application

[ 2018-05-15T15:30:14+08:00 ] ::1 /tp/Application/Admin/Public/assets/js/jquery.min.js
INFO: [ app_init ] --START--
INFO: Run Behavior\BuildLiteBehavior [ RunTime:0.000022s ]
INFO: [ app_init ] --END-- [ RunTime:0.000400s ]
ERR: 无法加载模块:Application

[ 2018-05-15T15:32:47+08:00 ] ::1 /tp/Application/Admin/Public/assets/js/jquery.min.js
INFO: [ app_init ] --START--
INFO: Run Behavior\BuildLiteBehavior [ RunTime:0.000041s ]
INFO: [ app_init ] --END-- [ RunTime:0.000765s ]
ERR: 无法加载模块:Application

[ 2018-05-15T15:32:47+08:00 ] ::1 /tp/Application/Admin/Public/assets/js/jquery.min.js
INFO: [ app_init ] --START--
INFO: Run Behavior\BuildLiteBehavior [ RunTime:0.000034s ]
INFO: [ app_init ] --END-- [ RunTime:0.000480s ]
ERR: 无法加载模块:Application

[ 2018-05-15T15:32:48+08:00 ] ::1 /tp/Application/Admin/Public/assets/js/jquery.min.js
INFO: [ app_init ] --START--
INFO: Run Behavior\BuildLiteBehavior [ RunTime:0.000034s ]
INFO: [ app_init ] --END-- [ RunTime:0.000594s ]
ERR: 无法加载模块:Application

[ 2018-05-15T15:32:48+08:00 ] ::1 /tp/Application/Admin/Public/assets/js/jquery.min.js
INFO: [ app_init ] --START--
INFO: Run Behavior\BuildLiteBehavior [ RunTime:0.000054s ]
INFO: [ app_init ] --END-- [ RunTime:0.000897s ]
ERR: 无法加载模块:Application

[ 2018-05-15T15:33:09+08:00 ] ::1 /tp/Application/Admin/Public/js/jquery.min.js
INFO: [ app_init ] --START--
INFO: Run Behavior\BuildLiteBehavior [ RunTime:0.000044s ]
INFO: [ app_init ] --END-- [ RunTime:0.000927s ]
ERR: 无法加载模块:Application

[ 2018-05-15T15:33:10+08:00 ] ::1 /tp/Application/Admin/Public/js/amazeui.min.js
INFO: [ app_init ] --START--
INFO: Run Behavior\BuildLiteBehavior [ RunTime:0.000045s ]
INFO: [ app_init ] --END-- [ RunTime:0.002272s ]
ERR: 无法加载模块:Application

[ 2018-05-15T15:33:10+08:00 ] ::1 /tp/Application/Admin/Public/js/jquery.min.js
INFO: [ app_init ] --START--
INFO: Run Behavior\BuildLiteBehavior [ RunTime:0.000054s ]
INFO: [ app_init ] --END-- [ RunTime:0.000773s ]
ERR: 无法加载模块:Application

[ 2018-05-15T15:33:10+08:00 ] ::1 /tp/Application/Admin/Public/js/app.js
INFO: [ app_init ] --START--
INFO: Run Behavior\BuildLiteBehavior [ RunTime:0.000037s ]
INFO: [ app_init ] --END-- [ RunTime:0.000742s ]
ERR: 无法加载模块:Application

[ 2018-05-15T15:33:10+08:00 ] ::1 /tp/Application/Admin/Public/js/amazeui.min.js
INFO: [ app_init ] --START--
INFO: Run Behavior\BuildLiteBehavior [ RunTime:0.000024s ]
INFO: [ app_init ] --END-- [ RunTime:0.000449s ]
ERR: 无法加载模块:Application

[ 2018-05-15T15:33:10+08:00 ] ::1 /tp/Application/Admin/Public/js/app.js
INFO: [ app_init ] --START--
INFO: Run Behavior\BuildLiteBehavior [ RunTime:0.000025s ]
INFO: [ app_init ] --END-- [ RunTime:0.000562s ]
ERR: 无法加载模块:Application

[ 2018-05-15T15:33:11+08:00 ] ::1 /tp/Application/Admin/Public/assets/js/jquery.min.js
INFO: [ app_init ] --START--
INFO: Run Behavior\BuildLiteBehavior [ RunTime:0.000042s ]
INFO: [ app_init ] --END-- [ RunTime:0.000731s ]
ERR: 无法加载模块:Application

[ 2018-05-15T15:33:11+08:00 ] ::1 /tp/Application/Admin/Public/assets/js/jquery.min.js
INFO: [ app_init ] --START--
INFO: Run Behavior\BuildLiteBehavior [ RunTime:0.000038s ]
INFO: [ app_init ] --END-- [ RunTime:0.000708s ]
ERR: 无法加载模块:Application

[ 2018-05-15T15:34:50+08:00 ] ::1 /tp/Application/Admin/Public/assets/js/jquery.min.js
INFO: [ app_init ] --START--
INFO: Run Behavior\BuildLiteBehavior [ RunTime:0.000053s ]
INFO: [ app_init ] --END-- [ RunTime:0.000980s ]
ERR: 无法加载模块:Application

[ 2018-05-15T15:34:50+08:00 ] ::1 /tp/Application/Admin/Public/assets/js/jquery.min.js
INFO: [ app_init ] --START--
INFO: Run Behavior\BuildLiteBehavior [ RunTime:0.000025s ]
INFO: [ app_init ] --END-- [ RunTime:0.000419s ]
ERR: 无法加载模块:Application

[ 2018-05-15T15:34:51+08:00 ] ::1 /tp/Application/Admin/Public/assets/js/jquery.min.js
INFO: [ app_init ] --START--
INFO: Run Behavior\BuildLiteBehavior [ RunTime:0.000025s ]
INFO: [ app_init ] --END-- [ RunTime:0.000437s ]
ERR: 无法加载模块:Application

[ 2018-05-15T15:34:51+08:00 ] ::1 /tp/Application/Admin/Public/assets/js/jquery.min.js
INFO: [ app_init ] --START--
INFO: Run Behavior\BuildLiteBehavior [ RunTime:0.000051s ]
INFO: [ app_init ] --END-- [ RunTime:0.000706s ]
ERR: 无法加载模块:Application

[ 2018-05-15T15:34:51+08:00 ] ::1 /tp/Application/Admin/Public/assets/js/jquery.min.js
INFO: [ app_init ] --START--
INFO: Run Behavior\BuildLiteBehavior [ RunTime:0.000045s ]
INFO: [ app_init ] --END-- [ RunTime:0.000624s ]
ERR: 无法加载模块:Application

[ 2018-05-15T15:35:54+08:00 ] ::1 /tp/Application/Admin/Public/assets/js/jquery.min.js
INFO: [ app_init ] --START--
INFO: Run Behavior\BuildLiteBehavior [ RunTime:0.000041s ]
INFO: [ app_init ] --END-- [ RunTime:0.000718s ]
ERR: 无法加载模块:Application

[ 2018-05-15T15:37:16+08:00 ] ::1 /tp/Application/Admin/Public/assets/js/jquery.min.js
INFO: [ app_init ] --START--
INFO: Run Behavior\BuildLiteBehavior [ RunTime:0.000040s ]
INFO: [ app_init ] --END-- [ RunTime:0.000659s ]
ERR: 无法加载模块:Application

[ 2018-05-15T15:37:16+08:00 ] ::1 /tp/Application/Admin/Public/assets/js/jquery.min.js
INFO: [ app_init ] --START--
INFO: Run Behavior\BuildLiteBehavior [ RunTime:0.000045s ]
INFO: [ app_init ] --END-- [ RunTime:0.000730s ]
ERR: 无法加载模块:Application

[ 2018-05-15T15:37:54+08:00 ] ::1 /tp/Application/Admin/Public/assets/js/jquery.min.js
INFO: [ app_init ] --START--
INFO: Run Behavior\BuildLiteBehavior [ RunTime:0.000022s ]
INFO: [ app_init ] --END-- [ RunTime:0.000422s ]
ERR: 无法加载模块:Application

[ 2018-05-15T15:37:54+08:00 ] ::1 /tp/Application/Admin/Public/assets/js/jquery.min.js
INFO: [ app_init ] --START--
INFO: Run Behavior\BuildLiteBehavior [ RunTime:0.000025s ]
INFO: [ app_init ] --END-- [ RunTime:0.000459s ]
ERR: 无法加载模块:Application

[ 2018-05-15T15:40:14+08:00 ] ::1 /tp/Application/Admin/Public/assets/js/jquery.min.js
INFO: [ app_init ] --START--
INFO: Run Behavior\BuildLiteBehavior [ RunTime:0.000038s ]
INFO: [ app_init ] --END-- [ RunTime:0.000396s ]
ERR: 无法加载模块:Application

[ 2018-05-15T15:40:14+08:00 ] ::1 /tp/Application/Admin/Public/assets/js/jquery.min.js
INFO: [ app_init ] --START--
INFO: Run Behavior\BuildLiteBehavior [ RunTime:0.000031s ]
INFO: [ app_init ] --END-- [ RunTime:0.000442s ]
ERR: 无法加载模块:Application

