[ 2018-05-29T09:39:51+08:00 ] ::1 /tp/index.php/admin/Login/index
INFO: [ app_init ] --START--
INFO: Run Behavior\BuildLiteBehavior [ RunTime:0.000115s ]
INFO: [ app_init ] --END-- [ RunTime:0.042651s ]
INFO: [ app_begin ] --START--
INFO: Run Behavior\ReadHtmlCacheBehavior [ RunTime:0.015198s ]
INFO: [ app_begin ] --END-- [ RunTime:0.015537s ]
INFO: [ view_parse ] --START--
INFO: [ template_filter ] --START--
INFO: Run Behavior\ContentReplaceBehavior [ RunTime:0.017627s ]
INFO: [ template_filter ] --END-- [ RunTime:0.018018s ]
INFO: Run Behavior\ParseTemplateBehavior [ RunTime:0.078704s ]
INFO: [ view_parse ] --END-- [ RunTime:0.079158s ]
INFO: [ view_filter ] --START--
INFO: Run Behavior\WriteHtmlCacheBehavior [ RunTime:0.008271s ]
INFO: [ view_filter ] --END-- [ RunTime:0.008669s ]
INFO: [ app_end ] --START--
INFO: Run Behavior\ShowPageTraceBehavior [ RunTime:0.009556s ]
INFO: [ app_end ] --END-- [ RunTime:0.009889s ]

[ 2018-05-29T09:39:56+08:00 ] ::1 /tp/index.php/admin/Login/login
INFO: [ app_init ] --START--
INFO: Run Behavior\BuildLiteBehavior [ RunTime:0.000021s ]
INFO: [ app_init ] --END-- [ RunTime:0.000392s ]
INFO: [ app_begin ] --START--
INFO: Run Behavior\ReadHtmlCacheBehavior [ RunTime:0.000457s ]
INFO: [ app_begin ] --END-- [ RunTime:0.000548s ]
SQL: SHOW COLUMNS FROM `const_admin` [ RunTime:0.0527s ]
SQL: SELECT * FROM `const_admin` WHERE `email` = '13163204608@163.com' LIMIT 1   [ RunTime:0.0387s ]
SQL: SELECT * FROM `const_admin` WHERE `password` = 'e10adc3949ba59abbe56e057f20f883e' LIMIT 1   [ RunTime:0.0002s ]

[ 2018-05-29T09:39:56+08:00 ] ::1 /tp/index.php/admin/Index/index
INFO: [ app_init ] --START--
INFO: Run Behavior\BuildLiteBehavior [ RunTime:0.000038s ]
INFO: [ app_init ] --END-- [ RunTime:0.000685s ]
INFO: [ app_begin ] --START--
INFO: Run Behavior\ReadHtmlCacheBehavior [ RunTime:0.000862s ]
INFO: [ app_begin ] --END-- [ RunTime:0.001071s ]
INFO: [ view_parse ] --START--
INFO: [ template_filter ] --START--
INFO: Run Behavior\ContentReplaceBehavior [ RunTime:0.000314s ]
INFO: [ template_filter ] --END-- [ RunTime:0.000478s ]
INFO: Run Behavior\ParseTemplateBehavior [ RunTime:0.120083s ]
INFO: [ view_parse ] --END-- [ RunTime:0.120579s ]
INFO: [ view_filter ] --START--
INFO: Run Behavior\WriteHtmlCacheBehavior [ RunTime:0.000783s ]
INFO: [ view_filter ] --END-- [ RunTime:0.001357s ]
INFO: [ app_end ] --START--
INFO: Run Behavior\ShowPageTraceBehavior [ RunTime:0.002364s ]
INFO: [ app_end ] --END-- [ RunTime:0.002864s ]

[ 2018-05-29T09:40:01+08:00 ] ::1 /tp/index.php/Admin/Members/index
INFO: [ app_init ] --START--
INFO: Run Behavior\BuildLiteBehavior [ RunTime:0.000023s ]
INFO: [ app_init ] --END-- [ RunTime:0.000378s ]
INFO: [ app_begin ] --START--
INFO: Run Behavior\ReadHtmlCacheBehavior [ RunTime:0.000413s ]
INFO: [ app_begin ] --END-- [ RunTime:0.000523s ]
SQL: SHOW COLUMNS FROM `const_members` [ RunTime:0.0198s ]
SQL: SELECT * FROM `const_members`  [ RunTime:0.0088s ]
INFO: [ view_parse ] --START--
INFO: [ template_filter ] --START--
INFO: Run Behavior\ContentReplaceBehavior [ RunTime:0.000145s ]
INFO: [ template_filter ] --END-- [ RunTime:0.000253s ]
INFO: Run Behavior\ParseTemplateBehavior [ RunTime:0.009998s ]
INFO: [ view_parse ] --END-- [ RunTime:0.010155s ]
INFO: [ view_filter ] --START--
INFO: Run Behavior\WriteHtmlCacheBehavior [ RunTime:0.000382s ]
INFO: [ view_filter ] --END-- [ RunTime:0.000520s ]
INFO: [ app_end ] --START--
INFO: Run Behavior\ShowPageTraceBehavior [ RunTime:0.000646s ]
INFO: [ app_end ] --END-- [ RunTime:0.000844s ]

[ 2018-05-29T09:40:05+08:00 ] ::1 /tp/index.php/Admin/Members/active
INFO: [ app_init ] --START--
INFO: Run Behavior\BuildLiteBehavior [ RunTime:0.000025s ]
INFO: [ app_init ] --END-- [ RunTime:0.000462s ]
INFO: [ app_begin ] --START--
INFO: Run Behavior\ReadHtmlCacheBehavior [ RunTime:0.000525s ]
INFO: [ app_begin ] --END-- [ RunTime:0.000672s ]
SQL: SHOW COLUMNS FROM `const_members` [ RunTime:0.0011s ]
SQL: SELECT `status` FROM `const_members` WHERE ( id=1 )  [ RunTime:0.0469s ]
SQL: UPDATE `const_members` SET `status`='1' WHERE ( id=1 ) [ RunTime:0.1008s ]

[ 2018-05-29T09:40:06+08:00 ] ::1 /tp/index.php/Admin/Members/active
INFO: [ app_init ] --START--
INFO: Run Behavior\BuildLiteBehavior [ RunTime:0.000045s ]
INFO: [ app_init ] --END-- [ RunTime:0.000716s ]
INFO: [ app_begin ] --START--
INFO: Run Behavior\ReadHtmlCacheBehavior [ RunTime:0.000512s ]
INFO: [ app_begin ] --END-- [ RunTime:0.000637s ]
SQL: SHOW COLUMNS FROM `const_members` [ RunTime:0.0007s ]
SQL: SELECT `status` FROM `const_members` WHERE ( id=1 )  [ RunTime:0.0003s ]
SQL: UPDATE `const_members` SET `status`='0' WHERE ( id=1 ) [ RunTime:0.0003s ]

[ 2018-05-29T09:40:07+08:00 ] ::1 /tp/index.php/Admin/Members/active
INFO: [ app_init ] --START--
INFO: Run Behavior\BuildLiteBehavior [ RunTime:0.000034s ]
INFO: [ app_init ] --END-- [ RunTime:0.000550s ]
INFO: [ app_begin ] --START--
INFO: Run Behavior\ReadHtmlCacheBehavior [ RunTime:0.000453s ]
INFO: [ app_begin ] --END-- [ RunTime:0.000577s ]
SQL: SHOW COLUMNS FROM `const_members` [ RunTime:0.0009s ]
SQL: SELECT `status` FROM `const_members` WHERE ( id=1 )  [ RunTime:0.0003s ]
SQL: UPDATE `const_members` SET `status`='1' WHERE ( id=1 ) [ RunTime:0.0002s ]

[ 2018-05-29T09:40:07+08:00 ] ::1 /tp/index.php/Admin/Members/active
INFO: [ app_init ] --START--
INFO: Run Behavior\BuildLiteBehavior [ RunTime:0.000031s ]
INFO: [ app_init ] --END-- [ RunTime:0.000791s ]
INFO: [ app_begin ] --START--
INFO: Run Behavior\ReadHtmlCacheBehavior [ RunTime:0.000397s ]
INFO: [ app_begin ] --END-- [ RunTime:0.000486s ]
SQL: SHOW COLUMNS FROM `const_members` [ RunTime:0.0008s ]
SQL: SELECT `status` FROM `const_members` WHERE ( id=1 )  [ RunTime:0.0003s ]
SQL: UPDATE `const_members` SET `status`='0' WHERE ( id=1 ) [ RunTime:0.0003s ]

[ 2018-05-29T09:40:09+08:00 ] ::1 /tp/index.php/Admin/Members/active
INFO: [ app_init ] --START--
INFO: Run Behavior\BuildLiteBehavior [ RunTime:0.000036s ]
INFO: [ app_init ] --END-- [ RunTime:0.000617s ]
INFO: [ app_begin ] --START--
INFO: Run Behavior\ReadHtmlCacheBehavior [ RunTime:0.002087s ]
INFO: [ app_begin ] --END-- [ RunTime:0.002326s ]
SQL: SHOW COLUMNS FROM `const_members` [ RunTime:0.0024s ]
SQL: SELECT `status` FROM `const_members` WHERE ( id=2 )  [ RunTime:0.0005s ]
SQL: UPDATE `const_members` SET `status`='1' WHERE ( id=2 ) [ RunTime:0.0006s ]

[ 2018-05-29T09:40:09+08:00 ] ::1 /tp/index.php/Admin/Members/active
INFO: [ app_init ] --START--
INFO: Run Behavior\BuildLiteBehavior [ RunTime:0.000036s ]
INFO: [ app_init ] --END-- [ RunTime:0.000764s ]
INFO: [ app_begin ] --START--
INFO: Run Behavior\ReadHtmlCacheBehavior [ RunTime:0.000571s ]
INFO: [ app_begin ] --END-- [ RunTime:0.000724s ]
SQL: SHOW COLUMNS FROM `const_members` [ RunTime:0.0011s ]
SQL: SELECT `status` FROM `const_members` WHERE ( id=2 )  [ RunTime:0.0005s ]
SQL: UPDATE `const_members` SET `status`='0' WHERE ( id=2 ) [ RunTime:0.0006s ]

[ 2018-05-29T09:41:01+08:00 ] ::1 /tp/index.php/Admin/Members/active
INFO: [ app_init ] --START--
INFO: Run Behavior\BuildLiteBehavior [ RunTime:0.000025s ]
INFO: [ app_init ] --END-- [ RunTime:0.000705s ]
INFO: [ app_begin ] --START--
INFO: Run Behavior\ReadHtmlCacheBehavior [ RunTime:0.001253s ]
INFO: [ app_begin ] --END-- [ RunTime:0.001359s ]
SQL: SHOW COLUMNS FROM `const_members` [ RunTime:0.0006s ]
SQL: SELECT `status` FROM `const_members` WHERE ( id=1 )  [ RunTime:0.0003s ]
SQL: UPDATE `const_members` SET `status`='1' WHERE ( id=1 ) [ RunTime:0.0003s ]

[ 2018-05-29T09:41:02+08:00 ] ::1 /tp/index.php/Admin/Members/active
INFO: [ app_init ] --START--
INFO: Run Behavior\BuildLiteBehavior [ RunTime:0.000023s ]
INFO: [ app_init ] --END-- [ RunTime:0.000580s ]
INFO: [ app_begin ] --START--
INFO: Run Behavior\ReadHtmlCacheBehavior [ RunTime:0.001940s ]
INFO: [ app_begin ] --END-- [ RunTime:0.002076s ]
SQL: SHOW COLUMNS FROM `const_members` [ RunTime:0.0006s ]
SQL: SELECT `status` FROM `const_members` WHERE ( id=2 )  [ RunTime:0.0003s ]
SQL: UPDATE `const_members` SET `status`='1' WHERE ( id=2 ) [ RunTime:0.0003s ]

[ 2018-05-29T09:41:02+08:00 ] ::1 /tp/index.php/Admin/Members/active
INFO: [ app_init ] --START--
INFO: Run Behavior\BuildLiteBehavior [ RunTime:0.000023s ]
INFO: [ app_init ] --END-- [ RunTime:0.000583s ]
INFO: [ app_begin ] --START--
INFO: Run Behavior\ReadHtmlCacheBehavior [ RunTime:0.001356s ]
INFO: [ app_begin ] --END-- [ RunTime:0.001817s ]
SQL: SHOW COLUMNS FROM `const_members` [ RunTime:0.0012s ]
SQL: SELECT `status` FROM `const_members` WHERE ( id=3 )  [ RunTime:0.0004s ]
SQL: UPDATE `const_members` SET `status`='1' WHERE ( id=3 ) [ RunTime:0.0005s ]

[ 2018-05-29T09:47:43+08:00 ] ::1 /tp/index.php/Admin/Members/index
INFO: [ app_init ] --START--
INFO: Run Behavior\BuildLiteBehavior [ RunTime:0.000024s ]
INFO: [ app_init ] --END-- [ RunTime:0.000818s ]
INFO: [ app_begin ] --START--
INFO: Run Behavior\ReadHtmlCacheBehavior [ RunTime:0.000709s ]
INFO: [ app_begin ] --END-- [ RunTime:0.000842s ]
SQL: SHOW COLUMNS FROM `const_members` [ RunTime:0.0018s ]
SQL: SELECT * FROM `const_members`  [ RunTime:0.0006s ]
INFO: [ view_parse ] --START--
INFO: [ template_filter ] --START--
INFO: Run Behavior\ContentReplaceBehavior [ RunTime:0.000150s ]
INFO: [ template_filter ] --END-- [ RunTime:0.000266s ]
INFO: Run Behavior\ParseTemplateBehavior [ RunTime:0.011776s ]
INFO: [ view_parse ] --END-- [ RunTime:0.011900s ]
INFO: [ view_filter ] --START--
INFO: Run Behavior\WriteHtmlCacheBehavior [ RunTime:0.000414s ]
INFO: [ view_filter ] --END-- [ RunTime:0.000508s ]
INFO: [ app_end ] --START--
INFO: Run Behavior\ShowPageTraceBehavior [ RunTime:0.001628s ]
INFO: [ app_end ] --END-- [ RunTime:0.001892s ]

[ 2018-05-29T09:47:48+08:00 ] ::1 /tp/index.php/Admin/Members/del
INFO: [ app_init ] --START--
INFO: Run Behavior\BuildLiteBehavior [ RunTime:0.000038s ]
INFO: [ app_init ] --END-- [ RunTime:0.000746s ]
INFO: [ app_begin ] --START--
INFO: Run Behavior\ReadHtmlCacheBehavior [ RunTime:0.001055s ]
INFO: [ app_begin ] --END-- [ RunTime:0.001208s ]
SQL: SHOW COLUMNS FROM `const_members` [ RunTime:0.0008s ]

[ 2018-05-29T09:47:52+08:00 ] ::1 /tp/index.php/Admin/Members/index
INFO: [ app_init ] --START--
INFO: Run Behavior\BuildLiteBehavior [ RunTime:0.000036s ]
INFO: [ app_init ] --END-- [ RunTime:0.001405s ]
INFO: [ app_begin ] --START--
INFO: Run Behavior\ReadHtmlCacheBehavior [ RunTime:0.000983s ]
INFO: [ app_begin ] --END-- [ RunTime:0.001146s ]
SQL: SHOW COLUMNS FROM `const_members` [ RunTime:0.0007s ]
SQL: SELECT * FROM `const_members`  [ RunTime:0.0003s ]
INFO: [ view_parse ] --START--
INFO: [ template_filter ] --START--
INFO: Run Behavior\ContentReplaceBehavior [ RunTime:0.000132s ]
INFO: [ template_filter ] --END-- [ RunTime:0.000252s ]
INFO: Run Behavior\ParseTemplateBehavior [ RunTime:0.012547s ]
INFO: [ view_parse ] --END-- [ RunTime:0.012663s ]
INFO: [ view_filter ] --START--
INFO: Run Behavior\WriteHtmlCacheBehavior [ RunTime:0.000454s ]
INFO: [ view_filter ] --END-- [ RunTime:0.000580s ]
INFO: [ app_end ] --START--
INFO: Run Behavior\ShowPageTraceBehavior [ RunTime:0.000847s ]
INFO: [ app_end ] --END-- [ RunTime:0.001068s ]

[ 2018-05-29T09:47:54+08:00 ] ::1 /tp/index.php/Admin/Members/index
INFO: [ app_init ] --START--
INFO: Run Behavior\BuildLiteBehavior [ RunTime:0.000026s ]
INFO: [ app_init ] --END-- [ RunTime:0.000454s ]
INFO: [ app_begin ] --START--
INFO: Run Behavior\ReadHtmlCacheBehavior [ RunTime:0.000711s ]
INFO: [ app_begin ] --END-- [ RunTime:0.000831s ]
SQL: SHOW COLUMNS FROM `const_members` [ RunTime:0.0005s ]
SQL: SELECT * FROM `const_members`  [ RunTime:0.0003s ]
INFO: [ view_parse ] --START--
INFO: [ template_filter ] --START--
INFO: Run Behavior\ContentReplaceBehavior [ RunTime:0.000133s ]
INFO: [ template_filter ] --END-- [ RunTime:0.000286s ]
INFO: Run Behavior\ParseTemplateBehavior [ RunTime:0.016016s ]
INFO: [ view_parse ] --END-- [ RunTime:0.016162s ]
INFO: [ view_filter ] --START--
INFO: Run Behavior\WriteHtmlCacheBehavior [ RunTime:0.000454s ]
INFO: [ view_filter ] --END-- [ RunTime:0.000575s ]
INFO: [ app_end ] --START--
INFO: Run Behavior\ShowPageTraceBehavior [ RunTime:0.000683s ]
INFO: [ app_end ] --END-- [ RunTime:0.000826s ]

[ 2018-05-29T09:48:03+08:00 ] ::1 /tp/index.php/Admin/Members/del
INFO: [ app_init ] --START--
INFO: Run Behavior\BuildLiteBehavior [ RunTime:0.000030s ]
INFO: [ app_init ] --END-- [ RunTime:0.000539s ]
INFO: [ app_begin ] --START--
INFO: Run Behavior\ReadHtmlCacheBehavior [ RunTime:0.000698s ]
INFO: [ app_begin ] --END-- [ RunTime:0.000824s ]
SQL: SHOW COLUMNS FROM `const_members` [ RunTime:0.0006s ]

[ 2018-05-29T09:49:13+08:00 ] ::1 /tp/index.php/Admin/Members/index
INFO: [ app_init ] --START--
INFO: Run Behavior\BuildLiteBehavior [ RunTime:0.000028s ]
INFO: [ app_init ] --END-- [ RunTime:0.000684s ]
INFO: [ app_begin ] --START--
INFO: Run Behavior\ReadHtmlCacheBehavior [ RunTime:0.000863s ]
INFO: [ app_begin ] --END-- [ RunTime:0.001137s ]
SQL: SHOW COLUMNS FROM `const_members` [ RunTime:0.0009s ]
SQL: SELECT * FROM `const_members`  [ RunTime:0.0009s ]
INFO: [ view_parse ] --START--
INFO: [ template_filter ] --START--
INFO: Run Behavior\ContentReplaceBehavior [ RunTime:0.000129s ]
INFO: [ template_filter ] --END-- [ RunTime:0.000270s ]
INFO: Run Behavior\ParseTemplateBehavior [ RunTime:0.011845s ]
INFO: [ view_parse ] --END-- [ RunTime:0.012038s ]
INFO: [ view_filter ] --START--
INFO: Run Behavior\WriteHtmlCacheBehavior [ RunTime:0.000357s ]
INFO: [ view_filter ] --END-- [ RunTime:0.000455s ]
INFO: [ app_end ] --START--
INFO: Run Behavior\ShowPageTraceBehavior [ RunTime:0.002152s ]
INFO: [ app_end ] --END-- [ RunTime:0.002502s ]

[ 2018-05-29T09:49:14+08:00 ] ::1 /tp/index.php/Admin/Members/index
INFO: [ app_init ] --START--
INFO: Run Behavior\BuildLiteBehavior [ RunTime:0.000055s ]
INFO: [ app_init ] --END-- [ RunTime:0.000864s ]
INFO: [ app_begin ] --START--
INFO: Run Behavior\ReadHtmlCacheBehavior [ RunTime:0.001401s ]
INFO: [ app_begin ] --END-- [ RunTime:0.001635s ]
SQL: SHOW COLUMNS FROM `const_members` [ RunTime:0.0017s ]
SQL: SELECT * FROM `const_members`  [ RunTime:0.0003s ]
INFO: [ view_parse ] --START--
INFO: [ template_filter ] --START--
INFO: Run Behavior\ContentReplaceBehavior [ RunTime:0.000215s ]
INFO: [ template_filter ] --END-- [ RunTime:0.000358s ]
INFO: Run Behavior\ParseTemplateBehavior [ RunTime:0.013774s ]
INFO: [ view_parse ] --END-- [ RunTime:0.013920s ]
INFO: [ view_filter ] --START--
INFO: Run Behavior\WriteHtmlCacheBehavior [ RunTime:0.000676s ]
INFO: [ view_filter ] --END-- [ RunTime:0.000793s ]
INFO: [ app_end ] --START--
INFO: Run Behavior\ShowPageTraceBehavior [ RunTime:0.000844s ]
INFO: [ app_end ] --END-- [ RunTime:0.001049s ]

[ 2018-05-29T09:49:15+08:00 ] ::1 /tp/index.php/Admin/Members/index
INFO: [ app_init ] --START--
INFO: Run Behavior\BuildLiteBehavior [ RunTime:0.000037s ]
INFO: [ app_init ] --END-- [ RunTime:0.000640s ]
INFO: [ app_begin ] --START--
INFO: Run Behavior\ReadHtmlCacheBehavior [ RunTime:0.000764s ]
INFO: [ app_begin ] --END-- [ RunTime:0.000973s ]
SQL: SHOW COLUMNS FROM `const_members` [ RunTime:0.0007s ]
SQL: SELECT * FROM `const_members`  [ RunTime:0.0003s ]
INFO: [ view_parse ] --START--
INFO: [ template_filter ] --START--
INFO: Run Behavior\ContentReplaceBehavior [ RunTime:0.000137s ]
INFO: [ template_filter ] --END-- [ RunTime:0.000270s ]
INFO: Run Behavior\ParseTemplateBehavior [ RunTime:0.013745s ]
INFO: [ view_parse ] --END-- [ RunTime:0.013866s ]
INFO: [ view_filter ] --START--
INFO: Run Behavior\WriteHtmlCacheBehavior [ RunTime:0.000515s ]
INFO: [ view_filter ] --END-- [ RunTime:0.000642s ]
INFO: [ app_end ] --START--
INFO: Run Behavior\ShowPageTraceBehavior [ RunTime:0.000860s ]
INFO: [ app_end ] --END-- [ RunTime:0.001051s ]

[ 2018-05-29T09:49:18+08:00 ] ::1 /tp/index.php/Admin/Members/del
INFO: [ app_init ] --START--
INFO: Run Behavior\BuildLiteBehavior [ RunTime:0.000073s ]
INFO: [ app_init ] --END-- [ RunTime:0.002288s ]
INFO: [ app_begin ] --START--
INFO: Run Behavior\ReadHtmlCacheBehavior [ RunTime:0.001074s ]
INFO: [ app_begin ] --END-- [ RunTime:0.001330s ]
SQL: SHOW COLUMNS FROM `const_members` [ RunTime:0.0011s ]
SQL: DELETE FROM `const_members` WHERE `id` = 1 [ RunTime:0.0006s ]

[ 2018-05-29T09:49:21+08:00 ] ::1 /tp/index.php/Admin/Members/del
INFO: [ app_init ] --START--
INFO: Run Behavior\BuildLiteBehavior [ RunTime:0.000055s ]
INFO: [ app_init ] --END-- [ RunTime:0.001138s ]
INFO: [ app_begin ] --START--
INFO: Run Behavior\ReadHtmlCacheBehavior [ RunTime:0.001162s ]
INFO: [ app_begin ] --END-- [ RunTime:0.001381s ]
SQL: SHOW COLUMNS FROM `const_members` [ RunTime:0.0007s ]
SQL: DELETE FROM `const_members` WHERE `id` = 2 [ RunTime:0.0021s ]

[ 2018-05-29T09:53:22+08:00 ] ::1 /tp/index.php/Admin/Members/index
INFO: [ app_init ] --START--
INFO: Run Behavior\BuildLiteBehavior [ RunTime:0.000048s ]
INFO: [ app_init ] --END-- [ RunTime:0.000818s ]
INFO: [ app_begin ] --START--
INFO: Run Behavior\ReadHtmlCacheBehavior [ RunTime:0.001284s ]
INFO: [ app_begin ] --END-- [ RunTime:0.001525s ]
SQL: SHOW COLUMNS FROM `const_members` [ RunTime:0.0005s ]
SQL: SELECT * FROM `const_members`  [ RunTime:0.0004s ]
INFO: [ view_parse ] --START--
INFO: [ template_filter ] --START--
INFO: Run Behavior\ContentReplaceBehavior [ RunTime:0.000152s ]
INFO: [ template_filter ] --END-- [ RunTime:0.000265s ]
INFO: Run Behavior\ParseTemplateBehavior [ RunTime:0.015322s ]
INFO: [ view_parse ] --END-- [ RunTime:0.015466s ]
INFO: [ view_filter ] --START--
INFO: Run Behavior\WriteHtmlCacheBehavior [ RunTime:0.000468s ]
INFO: [ view_filter ] --END-- [ RunTime:0.000569s ]
INFO: [ app_end ] --START--
INFO: Run Behavior\ShowPageTraceBehavior [ RunTime:0.000803s ]
INFO: [ app_end ] --END-- [ RunTime:0.000997s ]

[ 2018-05-29T09:53:24+08:00 ] ::1 /tp/index.php/Admin/Members/edit
INFO: [ app_init ] --START--
INFO: Run Behavior\BuildLiteBehavior [ RunTime:0.000045s ]
INFO: [ app_init ] --END-- [ RunTime:0.000847s ]
INFO: [ app_begin ] --START--
INFO: Run Behavior\ReadHtmlCacheBehavior [ RunTime:0.001010s ]
INFO: [ app_begin ] --END-- [ RunTime:0.001222s ]
SQL: SHOW COLUMNS FROM `const_admin` [ RunTime:0.0011s ]
SQL: SELECT * FROM `const_admin` WHERE ( id=3 )  [ RunTime:0.0004s ]

[ 2018-05-29T09:53:25+08:00 ] ::1 /tp/index.php/Admin/Members/edit
INFO: [ app_init ] --START--
INFO: Run Behavior\BuildLiteBehavior [ RunTime:0.000059s ]
INFO: [ app_init ] --END-- [ RunTime:0.001262s ]
INFO: [ app_begin ] --START--
INFO: Run Behavior\ReadHtmlCacheBehavior [ RunTime:0.001306s ]
INFO: [ app_begin ] --END-- [ RunTime:0.001525s ]
SQL: SHOW COLUMNS FROM `const_admin` [ RunTime:0.0007s ]
SQL: SELECT * FROM `const_admin` WHERE ( id=3 )  [ RunTime:0.0003s ]

[ 2018-05-29T09:56:56+08:00 ] ::1 /tp/index.php/Admin/Members/index
INFO: [ app_init ] --START--
INFO: Run Behavior\BuildLiteBehavior [ RunTime:0.000039s ]
INFO: [ app_init ] --END-- [ RunTime:0.000788s ]
INFO: [ app_begin ] --START--
INFO: Run Behavior\ReadHtmlCacheBehavior [ RunTime:0.000963s ]
INFO: [ app_begin ] --END-- [ RunTime:0.001167s ]
SQL: SHOW COLUMNS FROM `const_members` [ RunTime:0.0010s ]
SQL: SELECT * FROM `const_members`  [ RunTime:0.0014s ]
INFO: [ view_parse ] --START--
INFO: [ template_filter ] --START--
INFO: Run Behavior\ContentReplaceBehavior [ RunTime:0.000309s ]
INFO: [ template_filter ] --END-- [ RunTime:0.000666s ]
INFO: Run Behavior\ParseTemplateBehavior [ RunTime:0.018032s ]
INFO: [ view_parse ] --END-- [ RunTime:0.018220s ]
INFO: [ view_filter ] --START--
INFO: Run Behavior\WriteHtmlCacheBehavior [ RunTime:0.000359s ]
INFO: [ view_filter ] --END-- [ RunTime:0.000454s ]
INFO: [ app_end ] --START--
INFO: Run Behavior\ShowPageTraceBehavior [ RunTime:0.000727s ]
INFO: [ app_end ] --END-- [ RunTime:0.000869s ]

[ 2018-05-29T09:56:57+08:00 ] ::1 /tp/index.php/Admin/Members/index
INFO: [ app_init ] --START--
INFO: Run Behavior\BuildLiteBehavior [ RunTime:0.000029s ]
INFO: [ app_init ] --END-- [ RunTime:0.001713s ]
INFO: [ app_begin ] --START--
INFO: Run Behavior\ReadHtmlCacheBehavior [ RunTime:0.000923s ]
INFO: [ app_begin ] --END-- [ RunTime:0.001098s ]
SQL: SHOW COLUMNS FROM `const_members` [ RunTime:0.0008s ]
SQL: SELECT * FROM `const_members`  [ RunTime:0.0003s ]
INFO: [ view_parse ] --START--
INFO: [ template_filter ] --START--
INFO: Run Behavior\ContentReplaceBehavior [ RunTime:0.000214s ]
INFO: [ template_filter ] --END-- [ RunTime:0.000462s ]
INFO: Run Behavior\ParseTemplateBehavior [ RunTime:0.014303s ]
INFO: [ view_parse ] --END-- [ RunTime:0.014489s ]
INFO: [ view_filter ] --START--
INFO: Run Behavior\WriteHtmlCacheBehavior [ RunTime:0.000769s ]
INFO: [ view_filter ] --END-- [ RunTime:0.000979s ]
INFO: [ app_end ] --START--
INFO: Run Behavior\ShowPageTraceBehavior [ RunTime:0.000932s ]
INFO: [ app_end ] --END-- [ RunTime:0.001125s ]

[ 2018-05-29T09:56:59+08:00 ] ::1 /tp/index.php/Admin/Members/edit
INFO: [ app_init ] --START--
INFO: Run Behavior\BuildLiteBehavior [ RunTime:0.000038s ]
INFO: [ app_init ] --END-- [ RunTime:0.000730s ]
INFO: [ app_begin ] --START--
INFO: Run Behavior\ReadHtmlCacheBehavior [ RunTime:0.001072s ]
INFO: [ app_begin ] --END-- [ RunTime:0.001275s ]
SQL: SHOW COLUMNS FROM `const_members` [ RunTime:0.0005s ]
SQL: SELECT * FROM `const_members` WHERE ( id=3 )  [ RunTime:0.0003s ]

[ 2018-05-29T09:57:09+08:00 ] ::1 /tp/index.php/Admin/Members/edit2
INFO: [ app_init ] --START--
INFO: Run Behavior\BuildLiteBehavior [ RunTime:0.000045s ]
INFO: [ app_init ] --END-- [ RunTime:0.001210s ]
INFO: [ app_begin ] --START--
INFO: Run Behavior\ReadHtmlCacheBehavior [ RunTime:0.000956s ]
INFO: [ app_begin ] --END-- [ RunTime:0.001087s ]
SQL: SHOW COLUMNS FROM `const_members` [ RunTime:0.0007s ]
SQL: UPDATE `const_members` SET `id`='3',`password`='0' WHERE ( id=3 ) [ RunTime:0.0007s ]
INFO: [ app_end ] --START--
INFO: Run Behavior\ShowPageTraceBehavior [ RunTime:0.000924s ]
INFO: [ app_end ] --END-- [ RunTime:0.001111s ]

[ 2018-05-29T09:57:10+08:00 ] ::1 /tp/index.php/Admin/Members/edit2
INFO: [ app_init ] --START--
INFO: Run Behavior\BuildLiteBehavior [ RunTime:0.000024s ]
INFO: [ app_init ] --END-- [ RunTime:0.000572s ]
INFO: [ app_begin ] --START--
INFO: Run Behavior\ReadHtmlCacheBehavior [ RunTime:0.000690s ]
INFO: [ app_begin ] --END-- [ RunTime:0.000808s ]
SQL: SHOW COLUMNS FROM `const_members` [ RunTime:0.0005s ]
SQL: UPDATE `const_members` SET `id`='3',`password`='0' WHERE ( id=3 ) [ RunTime:0.0003s ]
INFO: [ app_end ] --START--
INFO: Run Behavior\ShowPageTraceBehavior [ RunTime:0.000696s ]
INFO: [ app_end ] --END-- [ RunTime:0.000782s ]

[ 2018-05-29T09:57:12+08:00 ] ::1 /tp/index.php/Admin/Members/index
INFO: [ app_init ] --START--
INFO: Run Behavior\BuildLiteBehavior [ RunTime:0.000023s ]
INFO: [ app_init ] --END-- [ RunTime:0.000417s ]
INFO: [ app_begin ] --START--
INFO: Run Behavior\ReadHtmlCacheBehavior [ RunTime:0.000620s ]
INFO: [ app_begin ] --END-- [ RunTime:0.000729s ]
SQL: SHOW COLUMNS FROM `const_members` [ RunTime:0.0006s ]
SQL: SELECT * FROM `const_members`  [ RunTime:0.0003s ]
INFO: [ view_parse ] --START--
INFO: [ template_filter ] --START--
INFO: Run Behavior\ContentReplaceBehavior [ RunTime:0.000283s ]
INFO: [ template_filter ] --END-- [ RunTime:0.000481s ]
INFO: Run Behavior\ParseTemplateBehavior [ RunTime:0.018207s ]
INFO: [ view_parse ] --END-- [ RunTime:0.018329s ]
INFO: [ view_filter ] --START--
INFO: Run Behavior\WriteHtmlCacheBehavior [ RunTime:0.000490s ]
INFO: [ view_filter ] --END-- [ RunTime:0.000611s ]
INFO: [ app_end ] --START--
INFO: Run Behavior\ShowPageTraceBehavior [ RunTime:0.001169s ]
INFO: [ app_end ] --END-- [ RunTime:0.001376s ]

[ 2018-05-29T09:57:15+08:00 ] ::1 /tp/index.php/Admin/Members/edit
INFO: [ app_init ] --START--
INFO: Run Behavior\BuildLiteBehavior [ RunTime:0.000036s ]
INFO: [ app_init ] --END-- [ RunTime:0.000635s ]
INFO: [ app_begin ] --START--
INFO: Run Behavior\ReadHtmlCacheBehavior [ RunTime:0.000821s ]
INFO: [ app_begin ] --END-- [ RunTime:0.000980s ]
SQL: SHOW COLUMNS FROM `const_members` [ RunTime:0.0006s ]
SQL: SELECT * FROM `const_members` WHERE ( id=3 )  [ RunTime:0.0003s ]

[ 2018-05-29T09:59:03+08:00 ] ::1 /tp/index.php/Admin/Members/index
INFO: [ app_init ] --START--
INFO: Run Behavior\BuildLiteBehavior [ RunTime:0.000023s ]
INFO: [ app_init ] --END-- [ RunTime:0.000404s ]
INFO: [ app_begin ] --START--
INFO: Run Behavior\ReadHtmlCacheBehavior [ RunTime:0.000548s ]
INFO: [ app_begin ] --END-- [ RunTime:0.000663s ]
SQL: SHOW COLUMNS FROM `const_members` [ RunTime:0.0007s ]
SQL: SELECT * FROM `const_members`  [ RunTime:0.0003s ]
INFO: [ view_parse ] --START--
INFO: [ template_filter ] --START--
INFO: Run Behavior\ContentReplaceBehavior [ RunTime:0.000361s ]
INFO: [ template_filter ] --END-- [ RunTime:0.000555s ]
INFO: Run Behavior\ParseTemplateBehavior [ RunTime:0.015300s ]
INFO: [ view_parse ] --END-- [ RunTime:0.015463s ]
INFO: [ view_filter ] --START--
INFO: Run Behavior\WriteHtmlCacheBehavior [ RunTime:0.000578s ]
INFO: [ view_filter ] --END-- [ RunTime:0.000748s ]
INFO: [ app_end ] --START--
INFO: Run Behavior\ShowPageTraceBehavior [ RunTime:0.001052s ]
INFO: [ app_end ] --END-- [ RunTime:0.001297s ]

[ 2018-05-29T09:59:03+08:00 ] ::1 /tp/index.php/Admin/Members/index
INFO: [ app_init ] --START--
INFO: Run Behavior\BuildLiteBehavior [ RunTime:0.000059s ]
INFO: [ app_init ] --END-- [ RunTime:0.001056s ]
INFO: [ app_begin ] --START--
INFO: Run Behavior\ReadHtmlCacheBehavior [ RunTime:0.000801s ]
INFO: [ app_begin ] --END-- [ RunTime:0.001001s ]
SQL: SHOW COLUMNS FROM `const_members` [ RunTime:0.0006s ]
SQL: SELECT * FROM `const_members`  [ RunTime:0.0003s ]
INFO: [ view_parse ] --START--
INFO: [ template_filter ] --START--
INFO: Run Behavior\ContentReplaceBehavior [ RunTime:0.000927s ]
INFO: [ template_filter ] --END-- [ RunTime:0.001139s ]
INFO: Run Behavior\ParseTemplateBehavior [ RunTime:0.014966s ]
INFO: [ view_parse ] --END-- [ RunTime:0.015083s ]
INFO: [ view_filter ] --START--
INFO: Run Behavior\WriteHtmlCacheBehavior [ RunTime:0.000368s ]
INFO: [ view_filter ] --END-- [ RunTime:0.000461s ]
INFO: [ app_end ] --START--
INFO: Run Behavior\ShowPageTraceBehavior [ RunTime:0.000739s ]
INFO: [ app_end ] --END-- [ RunTime:0.001070s ]

[ 2018-05-29T09:59:05+08:00 ] ::1 /tp/index.php/Admin/Members/edit
INFO: [ app_init ] --START--
INFO: Run Behavior\BuildLiteBehavior [ RunTime:0.000054s ]
INFO: [ app_init ] --END-- [ RunTime:0.001060s ]
INFO: [ app_begin ] --START--
INFO: Run Behavior\ReadHtmlCacheBehavior [ RunTime:0.001399s ]
INFO: [ app_begin ] --END-- [ RunTime:0.001646s ]
SQL: SHOW COLUMNS FROM `const_members` [ RunTime:0.0008s ]
SQL: SELECT * FROM `const_members` WHERE ( id=3 )  [ RunTime:0.0006s ]

[ 2018-05-29T09:59:53+08:00 ] ::1 /tp/index.php/Admin/Members/index
INFO: [ app_init ] --START--
INFO: Run Behavior\BuildLiteBehavior [ RunTime:0.000022s ]
INFO: [ app_init ] --END-- [ RunTime:0.000408s ]
INFO: [ app_begin ] --START--
INFO: Run Behavior\ReadHtmlCacheBehavior [ RunTime:0.000656s ]
INFO: [ app_begin ] --END-- [ RunTime:0.000764s ]
SQL: SHOW COLUMNS FROM `const_members` [ RunTime:0.0008s ]
SQL: SELECT * FROM `const_members`  [ RunTime:0.0004s ]
INFO: [ view_parse ] --START--
INFO: [ template_filter ] --START--
INFO: Run Behavior\ContentReplaceBehavior [ RunTime:0.000189s ]
INFO: [ template_filter ] --END-- [ RunTime:0.000334s ]
INFO: Run Behavior\ParseTemplateBehavior [ RunTime:0.016230s ]
INFO: [ view_parse ] --END-- [ RunTime:0.016346s ]
INFO: [ view_filter ] --START--
INFO: Run Behavior\WriteHtmlCacheBehavior [ RunTime:0.000458s ]
INFO: [ view_filter ] --END-- [ RunTime:0.000554s ]
INFO: [ app_end ] --START--
INFO: Run Behavior\ShowPageTraceBehavior [ RunTime:0.000882s ]
INFO: [ app_end ] --END-- [ RunTime:0.001033s ]

[ 2018-05-29T09:59:54+08:00 ] ::1 /tp/index.php/Admin/Members/index
INFO: [ app_init ] --START--
INFO: Run Behavior\BuildLiteBehavior [ RunTime:0.000040s ]
INFO: [ app_init ] --END-- [ RunTime:0.001163s ]
INFO: [ app_begin ] --START--
INFO: Run Behavior\ReadHtmlCacheBehavior [ RunTime:0.000780s ]
INFO: [ app_begin ] --END-- [ RunTime:0.000917s ]
SQL: SHOW COLUMNS FROM `const_members` [ RunTime:0.0005s ]
SQL: SELECT * FROM `const_members`  [ RunTime:0.0003s ]
INFO: [ view_parse ] --START--
INFO: [ template_filter ] --START--
INFO: Run Behavior\ContentReplaceBehavior [ RunTime:0.000246s ]
INFO: [ template_filter ] --END-- [ RunTime:0.000401s ]
INFO: Run Behavior\ParseTemplateBehavior [ RunTime:0.012946s ]
INFO: [ view_parse ] --END-- [ RunTime:0.013061s ]
INFO: [ view_filter ] --START--
INFO: Run Behavior\WriteHtmlCacheBehavior [ RunTime:0.000470s ]
INFO: [ view_filter ] --END-- [ RunTime:0.000564s ]
INFO: [ app_end ] --START--
INFO: Run Behavior\ShowPageTraceBehavior [ RunTime:0.000951s ]
INFO: [ app_end ] --END-- [ RunTime:0.001416s ]

[ 2018-05-29T09:59:55+08:00 ] ::1 /tp/index.php/Admin/Members/edit
INFO: [ app_init ] --START--
INFO: Run Behavior\BuildLiteBehavior [ RunTime:0.000046s ]
INFO: [ app_init ] --END-- [ RunTime:0.000724s ]
INFO: [ app_begin ] --START--
INFO: Run Behavior\ReadHtmlCacheBehavior [ RunTime:0.000524s ]
INFO: [ app_begin ] --END-- [ RunTime:0.000623s ]
SQL: SHOW COLUMNS FROM `const_members` [ RunTime:0.0006s ]
SQL: SELECT * FROM `const_members` WHERE ( id=3 )  [ RunTime:0.0004s ]

[ 2018-05-29T09:59:58+08:00 ] ::1 /tp/index.php/Admin/Members/edit
INFO: [ app_init ] --START--
INFO: Run Behavior\BuildLiteBehavior [ RunTime:0.000054s ]
INFO: [ app_init ] --END-- [ RunTime:0.000892s ]
INFO: [ app_begin ] --START--
INFO: Run Behavior\ReadHtmlCacheBehavior [ RunTime:0.000816s ]
INFO: [ app_begin ] --END-- [ RunTime:0.000977s ]
SQL: SHOW COLUMNS FROM `const_members` [ RunTime:0.0006s ]
SQL: SELECT * FROM `const_members` WHERE ( id=3 )  [ RunTime:0.0007s ]

[ 2018-05-29T10:00:23+08:00 ] ::1 /tp/index.php/Admin/Members/index
INFO: [ app_init ] --START--
INFO: Run Behavior\BuildLiteBehavior [ RunTime:0.000023s ]
INFO: [ app_init ] --END-- [ RunTime:0.000466s ]
INFO: [ app_begin ] --START--
INFO: Run Behavior\ReadHtmlCacheBehavior [ RunTime:0.000681s ]
INFO: [ app_begin ] --END-- [ RunTime:0.000889s ]
SQL: SHOW COLUMNS FROM `const_members` [ RunTime:0.0006s ]
SQL: SELECT * FROM `const_members`  [ RunTime:0.0003s ]
INFO: [ view_parse ] --START--
INFO: [ template_filter ] --START--
INFO: Run Behavior\ContentReplaceBehavior [ RunTime:0.000263s ]
INFO: [ template_filter ] --END-- [ RunTime:0.000445s ]
INFO: Run Behavior\ParseTemplateBehavior [ RunTime:0.013539s ]
INFO: [ view_parse ] --END-- [ RunTime:0.013670s ]
INFO: [ view_filter ] --START--
INFO: Run Behavior\WriteHtmlCacheBehavior [ RunTime:0.000367s ]
INFO: [ view_filter ] --END-- [ RunTime:0.000472s ]
INFO: [ app_end ] --START--
INFO: Run Behavior\ShowPageTraceBehavior [ RunTime:0.000706s ]
INFO: [ app_end ] --END-- [ RunTime:0.000844s ]

[ 2018-05-29T10:00:24+08:00 ] ::1 /tp/index.php/Admin/Members/index
INFO: [ app_init ] --START--
INFO: Run Behavior\BuildLiteBehavior [ RunTime:0.000038s ]
INFO: [ app_init ] --END-- [ RunTime:0.000471s ]
INFO: [ app_begin ] --START--
INFO: Run Behavior\ReadHtmlCacheBehavior [ RunTime:0.000646s ]
INFO: [ app_begin ] --END-- [ RunTime:0.000758s ]
SQL: SHOW COLUMNS FROM `const_members` [ RunTime:0.0005s ]
SQL: SELECT * FROM `const_members`  [ RunTime:0.0003s ]
INFO: [ view_parse ] --START--
INFO: [ template_filter ] --START--
INFO: Run Behavior\ContentReplaceBehavior [ RunTime:0.000236s ]
INFO: [ template_filter ] --END-- [ RunTime:0.000411s ]
INFO: Run Behavior\ParseTemplateBehavior [ RunTime:0.017769s ]
INFO: [ view_parse ] --END-- [ RunTime:0.017958s ]
INFO: [ view_filter ] --START--
INFO: Run Behavior\WriteHtmlCacheBehavior [ RunTime:0.000513s ]
INFO: [ view_filter ] --END-- [ RunTime:0.000628s ]
INFO: [ app_end ] --START--
INFO: Run Behavior\ShowPageTraceBehavior [ RunTime:0.001234s ]
INFO: [ app_end ] --END-- [ RunTime:0.001448s ]

[ 2018-05-29T10:00:25+08:00 ] ::1 /tp/index.php/Admin/Members/edit
INFO: [ app_init ] --START--
INFO: Run Behavior\BuildLiteBehavior [ RunTime:0.000040s ]
INFO: [ app_init ] --END-- [ RunTime:0.000720s ]
INFO: [ app_begin ] --START--
INFO: Run Behavior\ReadHtmlCacheBehavior [ RunTime:0.001842s ]
INFO: [ app_begin ] --END-- [ RunTime:0.002061s ]
SQL: SHOW COLUMNS FROM `const_members` [ RunTime:0.0009s ]
SQL: SELECT * FROM `const_members` WHERE ( id=4 )  [ RunTime:0.0009s ]

[ 2018-05-29T10:04:23+08:00 ] ::1 /tp/index.php/Admin/Members/index
INFO: [ app_init ] --START--
INFO: Run Behavior\BuildLiteBehavior [ RunTime:0.000025s ]
INFO: [ app_init ] --END-- [ RunTime:0.000415s ]
INFO: [ app_begin ] --START--
INFO: Run Behavior\ReadHtmlCacheBehavior [ RunTime:0.001446s ]
INFO: [ app_begin ] --END-- [ RunTime:0.001682s ]
SQL: SHOW COLUMNS FROM `const_members` [ RunTime:0.0007s ]
SQL: SELECT * FROM `const_members`  [ RunTime:0.0003s ]
INFO: [ view_parse ] --START--
INFO: [ template_filter ] --START--
INFO: Run Behavior\ContentReplaceBehavior [ RunTime:0.000253s ]
INFO: [ template_filter ] --END-- [ RunTime:0.000493s ]
INFO: Run Behavior\ParseTemplateBehavior [ RunTime:0.018710s ]
INFO: [ view_parse ] --END-- [ RunTime:0.018851s ]
INFO: [ view_filter ] --START--
INFO: Run Behavior\WriteHtmlCacheBehavior [ RunTime:0.001383s ]
INFO: [ view_filter ] --END-- [ RunTime:0.001565s ]
INFO: [ app_end ] --START--
INFO: Run Behavior\ShowPageTraceBehavior [ RunTime:0.001564s ]
INFO: [ app_end ] --END-- [ RunTime:0.001875s ]

[ 2018-05-29T10:04:26+08:00 ] ::1 /tp/index.php/Admin/Members/edit
INFO: [ app_init ] --START--
INFO: Run Behavior\BuildLiteBehavior [ RunTime:0.000022s ]
INFO: [ app_init ] --END-- [ RunTime:0.000380s ]
INFO: [ app_begin ] --START--
INFO: Run Behavior\ReadHtmlCacheBehavior [ RunTime:0.000625s ]
INFO: [ app_begin ] --END-- [ RunTime:0.000716s ]
SQL: SHOW COLUMNS FROM `const_members` [ RunTime:0.0007s ]
SQL: SELECT * FROM `const_members` WHERE ( id=3 )  [ RunTime:0.0005s ]

[ 2018-05-29T10:04:31+08:00 ] ::1 /tp/index.php/Admin/Members/edit2
INFO: [ app_init ] --START--
INFO: Run Behavior\BuildLiteBehavior [ RunTime:0.000022s ]
INFO: [ app_init ] --END-- [ RunTime:0.000381s ]
INFO: [ app_begin ] --START--
INFO: Run Behavior\ReadHtmlCacheBehavior [ RunTime:0.000677s ]
INFO: [ app_begin ] --END-- [ RunTime:0.000788s ]
SQL: SHOW COLUMNS FROM `const_members` [ RunTime:0.0005s ]
SQL: UPDATE `const_members` SET `id`='3',`password`='0' WHERE ( id=3 ) [ RunTime:0.0003s ]
INFO: [ app_end ] --START--
INFO: Run Behavior\ShowPageTraceBehavior [ RunTime:0.000689s ]
INFO: [ app_end ] --END-- [ RunTime:0.000774s ]

[ 2018-05-29T10:06:23+08:00 ] ::1 /tp/index.php/Admin/Members/index
INFO: [ app_init ] --START--
INFO: Run Behavior\BuildLiteBehavior [ RunTime:0.000042s ]
INFO: [ app_init ] --END-- [ RunTime:0.001019s ]
INFO: [ app_begin ] --START--
INFO: Run Behavior\ReadHtmlCacheBehavior [ RunTime:0.007719s ]
INFO: [ app_begin ] --END-- [ RunTime:0.007977s ]
SQL: SHOW COLUMNS FROM `const_members` [ RunTime:0.0006s ]
SQL: SELECT * FROM `const_members`  [ RunTime:0.0003s ]
INFO: [ view_parse ] --START--
INFO: [ template_filter ] --START--
INFO: Run Behavior\ContentReplaceBehavior [ RunTime:0.000137s ]
INFO: [ template_filter ] --END-- [ RunTime:0.000250s ]
INFO: Run Behavior\ParseTemplateBehavior [ RunTime:0.015487s ]
INFO: [ view_parse ] --END-- [ RunTime:0.015603s ]
INFO: [ view_filter ] --START--
INFO: Run Behavior\WriteHtmlCacheBehavior [ RunTime:0.000501s ]
INFO: [ view_filter ] --END-- [ RunTime:0.000596s ]
INFO: [ app_end ] --START--
INFO: Run Behavior\ShowPageTraceBehavior [ RunTime:0.000905s ]
INFO: [ app_end ] --END-- [ RunTime:0.001048s ]

[ 2018-05-29T10:06:24+08:00 ] ::1 /tp/index.php/Admin/Members/index
INFO: [ app_init ] --START--
INFO: Run Behavior\BuildLiteBehavior [ RunTime:0.000039s ]
INFO: [ app_init ] --END-- [ RunTime:0.000637s ]
INFO: [ app_begin ] --START--
INFO: Run Behavior\ReadHtmlCacheBehavior [ RunTime:0.001004s ]
INFO: [ app_begin ] --END-- [ RunTime:0.001313s ]
SQL: SHOW COLUMNS FROM `const_members` [ RunTime:0.0006s ]
SQL: SELECT * FROM `const_members`  [ RunTime:0.0003s ]
INFO: [ view_parse ] --START--
INFO: [ template_filter ] --START--
INFO: Run Behavior\ContentReplaceBehavior [ RunTime:0.000239s ]
INFO: [ template_filter ] --END-- [ RunTime:0.000438s ]
INFO: Run Behavior\ParseTemplateBehavior [ RunTime:0.019572s ]
INFO: [ view_parse ] --END-- [ RunTime:0.019696s ]
INFO: [ view_filter ] --START--
INFO: Run Behavior\WriteHtmlCacheBehavior [ RunTime:0.000344s ]
INFO: [ view_filter ] --END-- [ RunTime:0.000437s ]
INFO: [ app_end ] --START--
INFO: Run Behavior\ShowPageTraceBehavior [ RunTime:0.000812s ]
INFO: [ app_end ] --END-- [ RunTime:0.001075s ]

[ 2018-05-29T10:06:25+08:00 ] ::1 /tp/index.php/Admin/Members/edit
INFO: [ app_init ] --START--
INFO: Run Behavior\BuildLiteBehavior [ RunTime:0.000043s ]
INFO: [ app_init ] --END-- [ RunTime:0.000884s ]
INFO: [ app_begin ] --START--
INFO: Run Behavior\ReadHtmlCacheBehavior [ RunTime:0.001184s ]
INFO: [ app_begin ] --END-- [ RunTime:0.001433s ]
SQL: SHOW COLUMNS FROM `const_members` [ RunTime:0.0007s ]
SQL: SELECT * FROM `const_members` WHERE ( id=3 )  [ RunTime:0.0003s ]

[ 2018-05-29T10:07:23+08:00 ] ::1 /tp/index.php/Admin/Members/index
INFO: [ app_init ] --START--
INFO: Run Behavior\BuildLiteBehavior [ RunTime:0.000024s ]
INFO: [ app_init ] --END-- [ RunTime:0.000591s ]
INFO: [ app_begin ] --START--
INFO: Run Behavior\ReadHtmlCacheBehavior [ RunTime:0.000524s ]
INFO: [ app_begin ] --END-- [ RunTime:0.000668s ]
SQL: SHOW COLUMNS FROM `const_members` [ RunTime:0.0007s ]
SQL: SELECT * FROM `const_members`  [ RunTime:0.0004s ]
INFO: [ view_parse ] --START--
INFO: [ template_filter ] --START--
INFO: Run Behavior\ContentReplaceBehavior [ RunTime:0.000326s ]
INFO: [ template_filter ] --END-- [ RunTime:0.000517s ]
INFO: Run Behavior\ParseTemplateBehavior [ RunTime:0.015039s ]
INFO: [ view_parse ] --END-- [ RunTime:0.015254s ]
INFO: [ view_filter ] --START--
INFO: Run Behavior\WriteHtmlCacheBehavior [ RunTime:0.000546s ]
INFO: [ view_filter ] --END-- [ RunTime:0.000701s ]
INFO: [ app_end ] --START--
INFO: Run Behavior\ShowPageTraceBehavior [ RunTime:0.000998s ]
INFO: [ app_end ] --END-- [ RunTime:0.001210s ]

[ 2018-05-29T10:07:24+08:00 ] ::1 /tp/index.php/Admin/Members/index
INFO: [ app_init ] --START--
INFO: Run Behavior\BuildLiteBehavior [ RunTime:0.000024s ]
INFO: [ app_init ] --END-- [ RunTime:0.000419s ]
INFO: [ app_begin ] --START--
INFO: Run Behavior\ReadHtmlCacheBehavior [ RunTime:0.000693s ]
INFO: [ app_begin ] --END-- [ RunTime:0.000803s ]
SQL: SHOW COLUMNS FROM `const_members` [ RunTime:0.0007s ]
SQL: SELECT * FROM `const_members`  [ RunTime:0.0003s ]
INFO: [ view_parse ] --START--
INFO: [ template_filter ] --START--
INFO: Run Behavior\ContentReplaceBehavior [ RunTime:0.000174s ]
INFO: [ template_filter ] --END-- [ RunTime:0.000310s ]
INFO: Run Behavior\ParseTemplateBehavior [ RunTime:0.014134s ]
INFO: [ view_parse ] --END-- [ RunTime:0.014287s ]
INFO: [ view_filter ] --START--
INFO: Run Behavior\WriteHtmlCacheBehavior [ RunTime:0.000633s ]
INFO: [ view_filter ] --END-- [ RunTime:0.000759s ]
INFO: [ app_end ] --START--
INFO: Run Behavior\ShowPageTraceBehavior [ RunTime:0.001083s ]
INFO: [ app_end ] --END-- [ RunTime:0.001264s ]

[ 2018-05-29T10:07:26+08:00 ] ::1 /tp/index.php/Admin/Members/edit
INFO: [ app_init ] --START--
INFO: Run Behavior\BuildLiteBehavior [ RunTime:0.000071s ]
INFO: [ app_init ] --END-- [ RunTime:0.000720s ]
INFO: [ app_begin ] --START--
INFO: Run Behavior\ReadHtmlCacheBehavior [ RunTime:0.001280s ]
INFO: [ app_begin ] --END-- [ RunTime:0.001429s ]
SQL: SHOW COLUMNS FROM `const_members` [ RunTime:0.0008s ]
SQL: SELECT * FROM `const_members` WHERE ( id=3 )  [ RunTime:0.0004s ]

[ 2018-05-29T10:07:34+08:00 ] ::1 /tp/index.php/Admin/Members/edit2
INFO: [ app_init ] --START--
INFO: Run Behavior\BuildLiteBehavior [ RunTime:0.000023s ]
INFO: [ app_init ] --END-- [ RunTime:0.000411s ]
INFO: [ app_begin ] --START--
INFO: Run Behavior\ReadHtmlCacheBehavior [ RunTime:0.000606s ]
INFO: [ app_begin ] --END-- [ RunTime:0.000704s ]
SQL: SHOW COLUMNS FROM `const_members` [ RunTime:0.0008s ]
SQL: UPDATE `const_members` SET `id`='3',`level`='3',`account`='13452345@153.com',`password`='0' WHERE ( id=3 ) [ RunTime:0.0003s ]
INFO: [ app_end ] --START--
INFO: Run Behavior\ShowPageTraceBehavior [ RunTime:0.000911s ]
INFO: [ app_end ] --END-- [ RunTime:0.001006s ]

[ 2018-05-29T10:08:26+08:00 ] ::1 /tp/index.php/Admin/Members/del
INFO: [ app_init ] --START--
INFO: Run Behavior\BuildLiteBehavior [ RunTime:0.000038s ]
INFO: [ app_init ] --END-- [ RunTime:0.000640s ]
INFO: [ app_begin ] --START--
INFO: Run Behavior\ReadHtmlCacheBehavior [ RunTime:0.000756s ]
INFO: [ app_begin ] --END-- [ RunTime:0.000864s ]
SQL: SHOW COLUMNS FROM `const_members` [ RunTime:0.0015s ]
SQL: DELETE FROM `const_members` WHERE `id` = 3 [ RunTime:0.0005s ]

[ 2018-05-29T10:10:08+08:00 ] ::1 /tp/index.php/Admin/Members/index
INFO: [ app_init ] --START--
INFO: Run Behavior\BuildLiteBehavior [ RunTime:0.000026s ]
INFO: [ app_init ] --END-- [ RunTime:0.000415s ]
INFO: [ app_begin ] --START--
INFO: Run Behavior\ReadHtmlCacheBehavior [ RunTime:0.001113s ]
INFO: [ app_begin ] --END-- [ RunTime:0.001325s ]
SQL: SHOW COLUMNS FROM `const_members` [ RunTime:0.0007s ]
SQL: SELECT * FROM `const_members`  [ RunTime:0.0003s ]
INFO: [ view_parse ] --START--
INFO: [ template_filter ] --START--
INFO: Run Behavior\ContentReplaceBehavior [ RunTime:0.000145s ]
INFO: [ template_filter ] --END-- [ RunTime:0.000286s ]
INFO: Run Behavior\ParseTemplateBehavior [ RunTime:0.016195s ]
INFO: [ view_parse ] --END-- [ RunTime:0.016376s ]
INFO: [ view_filter ] --START--
INFO: Run Behavior\WriteHtmlCacheBehavior [ RunTime:0.000532s ]
INFO: [ view_filter ] --END-- [ RunTime:0.000686s ]
INFO: [ app_end ] --START--
INFO: Run Behavior\ShowPageTraceBehavior [ RunTime:0.001191s ]
INFO: [ app_end ] --END-- [ RunTime:0.001423s ]

[ 2018-05-29T10:10:10+08:00 ] ::1 /tp/index.php/Admin/Members/edit
INFO: [ app_init ] --START--
INFO: Run Behavior\BuildLiteBehavior [ RunTime:0.000023s ]
INFO: [ app_init ] --END-- [ RunTime:0.000397s ]
INFO: [ app_begin ] --START--
INFO: Run Behavior\ReadHtmlCacheBehavior [ RunTime:0.000628s ]
INFO: [ app_begin ] --END-- [ RunTime:0.000732s ]
SQL: SHOW COLUMNS FROM `const_members` [ RunTime:0.0006s ]
SQL: SELECT * FROM `const_members` WHERE ( id=4 )  [ RunTime:0.0004s ]

[ 2018-05-29T10:10:17+08:00 ] ::1 /tp/index.php/Admin/Members/edit2
INFO: [ app_init ] --START--
INFO: Run Behavior\BuildLiteBehavior [ RunTime:0.000022s ]
INFO: [ app_init ] --END-- [ RunTime:0.000374s ]
INFO: [ app_begin ] --START--
INFO: Run Behavior\ReadHtmlCacheBehavior [ RunTime:0.000492s ]
INFO: [ app_begin ] --END-- [ RunTime:0.000584s ]
SQL: SHOW COLUMNS FROM `const_members` [ RunTime:0.0007s ]
SQL: UPDATE `const_members` SET `id`='4',`level`='1',`account`='1354123@153.com',`password`='670' WHERE ( id=4 ) [ RunTime:0.0005s ]
INFO: [ app_end ] --START--
INFO: Run Behavior\ShowPageTraceBehavior [ RunTime:0.000600s ]
INFO: [ app_end ] --END-- [ RunTime:0.000684s ]

[ 2018-05-29T10:11:03+08:00 ] ::1 /tp/index.php/Admin/Members/index
INFO: [ app_init ] --START--
INFO: Run Behavior\BuildLiteBehavior [ RunTime:0.000022s ]
INFO: [ app_init ] --END-- [ RunTime:0.000396s ]
INFO: [ app_begin ] --START--
INFO: Run Behavior\ReadHtmlCacheBehavior [ RunTime:0.001718s ]
INFO: [ app_begin ] --END-- [ RunTime:0.001926s ]
SQL: SHOW COLUMNS FROM `const_members` [ RunTime:0.0020s ]
SQL: SELECT * FROM `const_members`  [ RunTime:0.0006s ]
INFO: [ view_parse ] --START--
INFO: [ template_filter ] --START--
INFO: Run Behavior\ContentReplaceBehavior [ RunTime:0.000179s ]
INFO: [ template_filter ] --END-- [ RunTime:0.000284s ]
INFO: Run Behavior\ParseTemplateBehavior [ RunTime:0.015513s ]
INFO: [ view_parse ] --END-- [ RunTime:0.015750s ]
INFO: [ view_filter ] --START--
INFO: Run Behavior\WriteHtmlCacheBehavior [ RunTime:0.000789s ]
INFO: [ view_filter ] --END-- [ RunTime:0.001007s ]
INFO: [ app_end ] --START--
INFO: Run Behavior\ShowPageTraceBehavior [ RunTime:0.001129s ]
INFO: [ app_end ] --END-- [ RunTime:0.001359s ]

[ 2018-05-29T10:11:05+08:00 ] ::1 /tp/index.php/Admin/Members/index
INFO: [ app_init ] --START--
INFO: Run Behavior\BuildLiteBehavior [ RunTime:0.000043s ]
INFO: [ app_init ] --END-- [ RunTime:0.000923s ]
INFO: [ app_begin ] --START--
INFO: Run Behavior\ReadHtmlCacheBehavior [ RunTime:0.000864s ]
INFO: [ app_begin ] --END-- [ RunTime:0.001096s ]
SQL: SHOW COLUMNS FROM `const_members` [ RunTime:0.0009s ]
SQL: SELECT * FROM `const_members`  [ RunTime:0.0004s ]
INFO: [ view_parse ] --START--
INFO: [ template_filter ] --START--
INFO: Run Behavior\ContentReplaceBehavior [ RunTime:0.000265s ]
INFO: [ template_filter ] --END-- [ RunTime:0.000450s ]
INFO: Run Behavior\ParseTemplateBehavior [ RunTime:0.018621s ]
INFO: [ view_parse ] --END-- [ RunTime:0.018856s ]
INFO: [ view_filter ] --START--
INFO: Run Behavior\WriteHtmlCacheBehavior [ RunTime:0.000524s ]
INFO: [ view_filter ] --END-- [ RunTime:0.000689s ]
INFO: [ app_end ] --START--
INFO: Run Behavior\ShowPageTraceBehavior [ RunTime:0.000987s ]
INFO: [ app_end ] --END-- [ RunTime:0.001200s ]

[ 2018-05-29T10:12:37+08:00 ] ::1 /tp/index.php/Admin/Members/index
INFO: [ app_init ] --START--
INFO: Run Behavior\BuildLiteBehavior [ RunTime:0.000040s ]
INFO: [ app_init ] --END-- [ RunTime:0.000804s ]
INFO: [ app_begin ] --START--
INFO: Run Behavior\ReadHtmlCacheBehavior [ RunTime:0.001299s ]
INFO: [ app_begin ] --END-- [ RunTime:0.001447s ]
SQL: SHOW COLUMNS FROM `const_members` [ RunTime:0.0007s ]
SQL: SELECT * FROM `const_members`  [ RunTime:0.0003s ]
INFO: [ view_parse ] --START--
INFO: [ template_filter ] --START--
INFO: Run Behavior\ContentReplaceBehavior [ RunTime:0.000148s ]
INFO: [ template_filter ] --END-- [ RunTime:0.000266s ]
INFO: Run Behavior\ParseTemplateBehavior [ RunTime:0.014419s ]
INFO: [ view_parse ] --END-- [ RunTime:0.014535s ]
INFO: [ view_filter ] --START--
INFO: Run Behavior\WriteHtmlCacheBehavior [ RunTime:0.000486s ]
INFO: [ view_filter ] --END-- [ RunTime:0.000594s ]
INFO: [ app_end ] --START--
INFO: Run Behavior\ShowPageTraceBehavior [ RunTime:0.000919s ]
INFO: [ app_end ] --END-- [ RunTime:0.001105s ]

[ 2018-05-29T10:12:42+08:00 ] ::1 /tp/index.php/Admin/Members/edit
INFO: [ app_init ] --START--
INFO: Run Behavior\BuildLiteBehavior [ RunTime:0.000023s ]
INFO: [ app_init ] --END-- [ RunTime:0.000408s ]
INFO: [ app_begin ] --START--
INFO: Run Behavior\ReadHtmlCacheBehavior [ RunTime:0.000554s ]
INFO: [ app_begin ] --END-- [ RunTime:0.000650s ]
SQL: SHOW COLUMNS FROM `const_members` [ RunTime:0.0006s ]
SQL: SELECT * FROM `const_members` WHERE ( id=5 )  [ RunTime:0.0004s ]

[ 2018-05-29T10:12:48+08:00 ] ::1 /tp/index.php/Admin/Members/edit2
INFO: [ app_init ] --START--
INFO: Run Behavior\BuildLiteBehavior [ RunTime:0.000036s ]
INFO: [ app_init ] --END-- [ RunTime:0.000512s ]
INFO: [ app_begin ] --START--
INFO: Run Behavior\ReadHtmlCacheBehavior [ RunTime:0.000927s ]
INFO: [ app_begin ] --END-- [ RunTime:0.001159s ]
SQL: SHOW COLUMNS FROM `const_members` [ RunTime:0.0008s ]
ERR: 1406:Data too long for column 'account' at row 1
 [ SQL语句 ] : UPDATE `const_members` SET `id`='5',`level`='1',`account`='1354123000000@153.com',`password`='0' WHERE ( id=5 )
ERR: 1406:Data too long for column 'account' at row 1
 [ SQL语句 ] : UPDATE `const_members` SET `id`='5',`level`='1',`account`='1354123000000@153.com',`password`='0' WHERE ( id=5 )

[ 2018-05-29T10:13:34+08:00 ] ::1 /tp/index.php/Admin/Members/index
INFO: [ app_init ] --START--
INFO: Run Behavior\BuildLiteBehavior [ RunTime:0.000027s ]
INFO: [ app_init ] --END-- [ RunTime:0.000567s ]
INFO: [ app_begin ] --START--
INFO: Run Behavior\ReadHtmlCacheBehavior [ RunTime:0.000857s ]
INFO: [ app_begin ] --END-- [ RunTime:0.000994s ]
SQL: SHOW COLUMNS FROM `const_members` [ RunTime:0.0007s ]
SQL: SELECT * FROM `const_members`  [ RunTime:0.0003s ]
INFO: [ view_parse ] --START--
INFO: [ template_filter ] --START--
INFO: Run Behavior\ContentReplaceBehavior [ RunTime:0.000750s ]
INFO: [ template_filter ] --END-- [ RunTime:0.001125s ]
INFO: Run Behavior\ParseTemplateBehavior [ RunTime:0.014677s ]
INFO: [ view_parse ] --END-- [ RunTime:0.014850s ]
INFO: [ view_filter ] --START--
INFO: Run Behavior\WriteHtmlCacheBehavior [ RunTime:0.000503s ]
INFO: [ view_filter ] --END-- [ RunTime:0.000669s ]
INFO: [ app_end ] --START--
INFO: Run Behavior\ShowPageTraceBehavior [ RunTime:0.000883s ]
INFO: [ app_end ] --END-- [ RunTime:0.001100s ]

[ 2018-05-29T10:13:35+08:00 ] ::1 /tp/index.php/Admin/Members/index
INFO: [ app_init ] --START--
INFO: Run Behavior\BuildLiteBehavior [ RunTime:0.000025s ]
INFO: [ app_init ] --END-- [ RunTime:0.000487s ]
INFO: [ app_begin ] --START--
INFO: Run Behavior\ReadHtmlCacheBehavior [ RunTime:0.000634s ]
INFO: [ app_begin ] --END-- [ RunTime:0.000744s ]
SQL: SHOW COLUMNS FROM `const_members` [ RunTime:0.0005s ]
SQL: SELECT * FROM `const_members`  [ RunTime:0.0003s ]
INFO: [ view_parse ] --START--
INFO: [ template_filter ] --START--
INFO: Run Behavior\ContentReplaceBehavior [ RunTime:0.000134s ]
INFO: [ template_filter ] --END-- [ RunTime:0.000241s ]
INFO: Run Behavior\ParseTemplateBehavior [ RunTime:0.013423s ]
INFO: [ view_parse ] --END-- [ RunTime:0.013583s ]
INFO: [ view_filter ] --START--
INFO: Run Behavior\WriteHtmlCacheBehavior [ RunTime:0.000446s ]
INFO: [ view_filter ] --END-- [ RunTime:0.000539s ]
INFO: [ app_end ] --START--
INFO: Run Behavior\ShowPageTraceBehavior [ RunTime:0.000807s ]
INFO: [ app_end ] --END-- [ RunTime:0.000937s ]

[ 2018-05-29T10:13:37+08:00 ] ::1 /tp/index.php/Admin/Members/edit
INFO: [ app_init ] --START--
INFO: Run Behavior\BuildLiteBehavior [ RunTime:0.000037s ]
INFO: [ app_init ] --END-- [ RunTime:0.000637s ]
INFO: [ app_begin ] --START--
INFO: Run Behavior\ReadHtmlCacheBehavior [ RunTime:0.000924s ]
INFO: [ app_begin ] --END-- [ RunTime:0.001092s ]
SQL: SHOW COLUMNS FROM `const_members` [ RunTime:0.0006s ]
SQL: SELECT * FROM `const_members` WHERE ( id=4 )  [ RunTime:0.0005s ]

[ 2018-05-29T10:13:44+08:00 ] ::1 /tp/index.php/Admin/Members/edit2
INFO: [ app_init ] --START--
INFO: Run Behavior\BuildLiteBehavior [ RunTime:0.000037s ]
INFO: [ app_init ] --END-- [ RunTime:0.000629s ]
INFO: [ app_begin ] --START--
INFO: Run Behavior\ReadHtmlCacheBehavior [ RunTime:0.000606s ]
INFO: [ app_begin ] --END-- [ RunTime:0.000721s ]
SQL: SHOW COLUMNS FROM `const_members` [ RunTime:0.0006s ]
SQL: UPDATE `const_members` SET `id`='4',`level`='1',`account`='1354123@153.com',`password`='1104959' WHERE ( id=4 ) [ RunTime:0.0004s ]
INFO: [ app_end ] --START--
INFO: Run Behavior\ShowPageTraceBehavior [ RunTime:0.000667s ]
INFO: [ app_end ] --END-- [ RunTime:0.000755s ]

[ 2018-05-29T10:13:46+08:00 ] ::1 /tp/index.php/Admin/Members/index
INFO: [ app_init ] --START--
INFO: Run Behavior\BuildLiteBehavior [ RunTime:0.000025s ]
INFO: [ app_init ] --END-- [ RunTime:0.001210s ]
INFO: [ app_begin ] --START--
INFO: Run Behavior\ReadHtmlCacheBehavior [ RunTime:0.001713s ]
INFO: [ app_begin ] --END-- [ RunTime:0.001959s ]
SQL: SHOW COLUMNS FROM `const_members` [ RunTime:0.0008s ]
SQL: SELECT * FROM `const_members`  [ RunTime:0.0004s ]
INFO: [ view_parse ] --START--
INFO: [ template_filter ] --START--
INFO: Run Behavior\ContentReplaceBehavior [ RunTime:0.000188s ]
INFO: [ template_filter ] --END-- [ RunTime:0.000304s ]
INFO: Run Behavior\ParseTemplateBehavior [ RunTime:0.014939s ]
INFO: [ view_parse ] --END-- [ RunTime:0.015099s ]
INFO: [ view_filter ] --START--
INFO: Run Behavior\WriteHtmlCacheBehavior [ RunTime:0.000479s ]
INFO: [ view_filter ] --END-- [ RunTime:0.000581s ]
INFO: [ app_end ] --START--
INFO: Run Behavior\ShowPageTraceBehavior [ RunTime:0.000875s ]
INFO: [ app_end ] --END-- [ RunTime:0.001030s ]

[ 2018-05-29T10:15:22+08:00 ] ::1 /tp/index.php/Admin/Members/index
INFO: [ app_init ] --START--
INFO: Run Behavior\BuildLiteBehavior [ RunTime:0.000021s ]
INFO: [ app_init ] --END-- [ RunTime:0.000410s ]
INFO: [ app_begin ] --START--
INFO: Run Behavior\ReadHtmlCacheBehavior [ RunTime:0.000673s ]
INFO: [ app_begin ] --END-- [ RunTime:0.000794s ]
SQL: SHOW COLUMNS FROM `const_members` [ RunTime:0.0007s ]
SQL: SELECT * FROM `const_members`  [ RunTime:0.0003s ]
INFO: [ view_parse ] --START--
INFO: [ template_filter ] --START--
INFO: Run Behavior\ContentReplaceBehavior [ RunTime:0.000136s ]
INFO: [ template_filter ] --END-- [ RunTime:0.000252s ]
INFO: Run Behavior\ParseTemplateBehavior [ RunTime:0.013187s ]
INFO: [ view_parse ] --END-- [ RunTime:0.013302s ]
INFO: [ view_filter ] --START--
INFO: Run Behavior\WriteHtmlCacheBehavior [ RunTime:0.000463s ]
INFO: [ view_filter ] --END-- [ RunTime:0.000588s ]
INFO: [ app_end ] --START--
INFO: Run Behavior\ShowPageTraceBehavior [ RunTime:0.000898s ]
INFO: [ app_end ] --END-- [ RunTime:0.001048s ]

[ 2018-05-29T10:15:23+08:00 ] ::1 /tp/index.php/Admin/Members/edit
INFO: [ app_init ] --START--
INFO: Run Behavior\BuildLiteBehavior [ RunTime:0.000036s ]
INFO: [ app_init ] --END-- [ RunTime:0.000605s ]
INFO: [ app_begin ] --START--
INFO: Run Behavior\ReadHtmlCacheBehavior [ RunTime:0.000943s ]
INFO: [ app_begin ] --END-- [ RunTime:0.001145s ]
SQL: SHOW COLUMNS FROM `const_members` [ RunTime:0.0005s ]
SQL: SELECT * FROM `const_members` WHERE ( id=4 )  [ RunTime:0.0002s ]

[ 2018-05-29T10:15:33+08:00 ] ::1 /tp/index.php/Admin/Members/edit2
INFO: [ app_init ] --START--
INFO: Run Behavior\BuildLiteBehavior [ RunTime:0.000023s ]
INFO: [ app_init ] --END-- [ RunTime:0.000423s ]
INFO: [ app_begin ] --START--
INFO: Run Behavior\ReadHtmlCacheBehavior [ RunTime:0.000699s ]
INFO: [ app_begin ] --END-- [ RunTime:0.000799s ]
SQL: SHOW COLUMNS FROM `const_members` [ RunTime:0.0006s ]
SQL: UPDATE `const_members` SET `id`='4',`level`='1',`account`='1354123@153.com',`password`='0' WHERE ( id=4 ) [ RunTime:0.0004s ]
INFO: [ app_end ] --START--
INFO: Run Behavior\ShowPageTraceBehavior [ RunTime:0.000722s ]
INFO: [ app_end ] --END-- [ RunTime:0.000806s ]

[ 2018-05-29T10:16:35+08:00 ] ::1 /tp/index.php/Admin/Members/index
INFO: [ app_init ] --START--
INFO: Run Behavior\BuildLiteBehavior [ RunTime:0.000037s ]
INFO: [ app_init ] --END-- [ RunTime:0.000701s ]
INFO: [ app_begin ] --START--
INFO: Run Behavior\ReadHtmlCacheBehavior [ RunTime:0.001497s ]
INFO: [ app_begin ] --END-- [ RunTime:0.001743s ]
SQL: SHOW COLUMNS FROM `const_members` [ RunTime:0.0009s ]
SQL: SELECT * FROM `const_members`  [ RunTime:0.0004s ]
INFO: [ view_parse ] --START--
INFO: [ template_filter ] --START--
INFO: Run Behavior\ContentReplaceBehavior [ RunTime:0.000342s ]
INFO: [ template_filter ] --END-- [ RunTime:0.000567s ]
INFO: Run Behavior\ParseTemplateBehavior [ RunTime:0.022072s ]
INFO: [ view_parse ] --END-- [ RunTime:0.022240s ]
INFO: [ view_filter ] --START--
INFO: Run Behavior\WriteHtmlCacheBehavior [ RunTime:0.000402s ]
INFO: [ view_filter ] --END-- [ RunTime:0.000536s ]
INFO: [ app_end ] --START--
INFO: Run Behavior\ShowPageTraceBehavior [ RunTime:0.000925s ]
INFO: [ app_end ] --END-- [ RunTime:0.001117s ]

[ 2018-05-29T10:16:37+08:00 ] ::1 /tp/index.php/Admin/Members/edit
INFO: [ app_init ] --START--
INFO: Run Behavior\BuildLiteBehavior [ RunTime:0.000042s ]
INFO: [ app_init ] --END-- [ RunTime:0.001185s ]
INFO: [ app_begin ] --START--
INFO: Run Behavior\ReadHtmlCacheBehavior [ RunTime:0.001187s ]
INFO: [ app_begin ] --END-- [ RunTime:0.001388s ]
SQL: SHOW COLUMNS FROM `const_members` [ RunTime:0.0011s ]
SQL: SELECT * FROM `const_members` WHERE ( id=4 )  [ RunTime:0.0004s ]

[ 2018-05-29T10:16:44+08:00 ] ::1 /tp/index.php/Admin/Members/edit2
INFO: [ app_init ] --START--
INFO: Run Behavior\BuildLiteBehavior [ RunTime:0.000072s ]
INFO: [ app_init ] --END-- [ RunTime:0.001395s ]
INFO: [ app_begin ] --START--
INFO: Run Behavior\ReadHtmlCacheBehavior [ RunTime:0.001538s ]
INFO: [ app_begin ] --END-- [ RunTime:0.001841s ]
SQL: SHOW COLUMNS FROM `const_members` [ RunTime:0.0013s ]
SQL: UPDATE `const_members` SET `id`='4',`level`='1',`account`='1354123@153.com',`password`='0' WHERE ( id=4 ) [ RunTime:0.0005s ]
INFO: [ app_end ] --START--
INFO: Run Behavior\ShowPageTraceBehavior [ RunTime:0.000950s ]
INFO: [ app_end ] --END-- [ RunTime:0.001248s ]

[ 2018-05-29T10:17:32+08:00 ] ::1 /tp/index.php/Admin/Members/index
INFO: [ app_init ] --START--
INFO: Run Behavior\BuildLiteBehavior [ RunTime:0.000097s ]
INFO: [ app_init ] --END-- [ RunTime:0.001178s ]
INFO: [ app_begin ] --START--
INFO: Run Behavior\ReadHtmlCacheBehavior [ RunTime:0.001315s ]
INFO: [ app_begin ] --END-- [ RunTime:0.001583s ]
SQL: SHOW COLUMNS FROM `const_members` [ RunTime:0.0014s ]
SQL: SELECT * FROM `const_members`  [ RunTime:0.0008s ]
INFO: [ view_parse ] --START--
INFO: [ template_filter ] --START--
INFO: Run Behavior\ContentReplaceBehavior [ RunTime:0.000817s ]
INFO: [ template_filter ] --END-- [ RunTime:0.001746s ]
INFO: Run Behavior\ParseTemplateBehavior [ RunTime:0.016564s ]
INFO: [ view_parse ] --END-- [ RunTime:0.016680s ]
INFO: [ view_filter ] --START--
INFO: Run Behavior\WriteHtmlCacheBehavior [ RunTime:0.000457s ]
INFO: [ view_filter ] --END-- [ RunTime:0.000550s ]
INFO: [ app_end ] --START--
INFO: Run Behavior\ShowPageTraceBehavior [ RunTime:0.000895s ]
INFO: [ app_end ] --END-- [ RunTime:0.001044s ]

[ 2018-05-29T10:17:33+08:00 ] ::1 /tp/index.php/Admin/Members/index
INFO: [ app_init ] --START--
INFO: Run Behavior\BuildLiteBehavior [ RunTime:0.000050s ]
INFO: [ app_init ] --END-- [ RunTime:0.000905s ]
INFO: [ app_begin ] --START--
INFO: Run Behavior\ReadHtmlCacheBehavior [ RunTime:0.001138s ]
INFO: [ app_begin ] --END-- [ RunTime:0.001351s ]
SQL: SHOW COLUMNS FROM `const_members` [ RunTime:0.0019s ]
SQL: SELECT * FROM `const_members`  [ RunTime:0.0003s ]
INFO: [ view_parse ] --START--
INFO: [ template_filter ] --START--
INFO: Run Behavior\ContentReplaceBehavior [ RunTime:0.002592s ]
INFO: [ template_filter ] --END-- [ RunTime:0.002934s ]
INFO: Run Behavior\ParseTemplateBehavior [ RunTime:0.024031s ]
INFO: [ view_parse ] --END-- [ RunTime:0.024158s ]
INFO: [ view_filter ] --START--
INFO: Run Behavior\WriteHtmlCacheBehavior [ RunTime:0.000682s ]
INFO: [ view_filter ] --END-- [ RunTime:0.000790s ]
INFO: [ app_end ] --START--
INFO: Run Behavior\ShowPageTraceBehavior [ RunTime:0.001332s ]
INFO: [ app_end ] --END-- [ RunTime:0.001508s ]

[ 2018-05-29T10:17:34+08:00 ] ::1 /tp/index.php/Admin/Members/edit
INFO: [ app_init ] --START--
INFO: Run Behavior\BuildLiteBehavior [ RunTime:0.000046s ]
INFO: [ app_init ] --END-- [ RunTime:0.000968s ]
INFO: [ app_begin ] --START--
INFO: Run Behavior\ReadHtmlCacheBehavior [ RunTime:0.000888s ]
INFO: [ app_begin ] --END-- [ RunTime:0.001093s ]
SQL: SHOW COLUMNS FROM `const_members` [ RunTime:0.0005s ]
SQL: SELECT * FROM `const_members` WHERE ( id=5 )  [ RunTime:0.0003s ]

[ 2018-05-29T10:17:36+08:00 ] ::1 /tp/index.php/Admin/Members/edit2
INFO: [ app_init ] --START--
INFO: Run Behavior\BuildLiteBehavior [ RunTime:0.000069s ]
INFO: [ app_init ] --END-- [ RunTime:0.001270s ]
INFO: [ app_begin ] --START--
INFO: Run Behavior\ReadHtmlCacheBehavior [ RunTime:0.000577s ]
INFO: [ app_begin ] --END-- [ RunTime:0.000691s ]
SQL: SHOW COLUMNS FROM `const_members` [ RunTime:0.0009s ]
SQL: UPDATE `const_members` SET `id`='5',`level`='1',`account`='1354123@153.com',`password`='0' WHERE ( id=5 ) [ RunTime:0.0006s ]
INFO: [ app_end ] --START--
INFO: Run Behavior\ShowPageTraceBehavior [ RunTime:0.000768s ]
INFO: [ app_end ] --END-- [ RunTime:0.000885s ]

[ 2018-05-29T10:20:30+08:00 ] ::1 /tp/index.php/Admin/Members/index
INFO: [ app_init ] --START--
INFO: Run Behavior\BuildLiteBehavior [ RunTime:0.000024s ]
INFO: [ app_init ] --END-- [ RunTime:0.000471s ]
INFO: [ app_begin ] --START--
INFO: Run Behavior\ReadHtmlCacheBehavior [ RunTime:0.002663s ]
INFO: [ app_begin ] --END-- [ RunTime:0.002904s ]
SQL: SHOW COLUMNS FROM `const_members` [ RunTime:0.0009s ]
SQL: SELECT * FROM `const_members`  [ RunTime:0.0015s ]
INFO: [ view_parse ] --START--
INFO: [ template_filter ] --START--
INFO: Run Behavior\ContentReplaceBehavior [ RunTime:0.000197s ]
INFO: [ template_filter ] --END-- [ RunTime:0.000335s ]
INFO: Run Behavior\ParseTemplateBehavior [ RunTime:0.011625s ]
INFO: [ view_parse ] --END-- [ RunTime:0.011743s ]
INFO: [ view_filter ] --START--
INFO: Run Behavior\WriteHtmlCacheBehavior [ RunTime:0.000424s ]
INFO: [ view_filter ] --END-- [ RunTime:0.000517s ]
INFO: [ app_end ] --START--
INFO: Run Behavior\ShowPageTraceBehavior [ RunTime:0.004381s ]
INFO: [ app_end ] --END-- [ RunTime:0.004607s ]

[ 2018-05-29T10:20:34+08:00 ] ::1 /tp/index.php/Admin/Members/edit
INFO: [ app_init ] --START--
INFO: Run Behavior\BuildLiteBehavior [ RunTime:0.000110s ]
INFO: [ app_init ] --END-- [ RunTime:0.001442s ]
INFO: [ app_begin ] --START--
INFO: Run Behavior\ReadHtmlCacheBehavior [ RunTime:0.001211s ]
INFO: [ app_begin ] --END-- [ RunTime:0.001433s ]
SQL: SHOW COLUMNS FROM `const_members` [ RunTime:0.0008s ]
SQL: SELECT * FROM `const_members` WHERE ( id=6 )  [ RunTime:0.0003s ]

[ 2018-05-29T10:20:35+08:00 ] ::1 /tp/index.php/Admin/Members/edit2
INFO: [ app_init ] --START--
INFO: Run Behavior\BuildLiteBehavior [ RunTime:0.000043s ]
INFO: [ app_init ] --END-- [ RunTime:0.000614s ]
INFO: [ app_begin ] --START--
INFO: Run Behavior\ReadHtmlCacheBehavior [ RunTime:0.000902s ]
INFO: [ app_begin ] --END-- [ RunTime:0.001038s ]
SQL: SHOW COLUMNS FROM `const_members` [ RunTime:0.0011s ]
SQL: UPDATE `const_members` SET `id`='6',`level`='2',`account`='1345234@163.com',`password`='0' WHERE ( id=6 ) [ RunTime:0.0007s ]
INFO: [ app_end ] --START--
INFO: Run Behavior\ShowPageTraceBehavior [ RunTime:0.001324s ]
INFO: [ app_end ] --END-- [ RunTime:0.001533s ]

[ 2018-05-29T10:21:31+08:00 ] ::1 /tp/index.php/Admin/Members/index
INFO: [ app_init ] --START--
INFO: Run Behavior\BuildLiteBehavior [ RunTime:0.000025s ]
INFO: [ app_init ] --END-- [ RunTime:0.000400s ]
INFO: [ app_begin ] --START--
INFO: Run Behavior\ReadHtmlCacheBehavior [ RunTime:0.000713s ]
INFO: [ app_begin ] --END-- [ RunTime:0.000821s ]
SQL: SHOW COLUMNS FROM `const_members` [ RunTime:0.0032s ]
SQL: SELECT * FROM `const_members`  [ RunTime:0.0006s ]
INFO: [ view_parse ] --START--
INFO: [ template_filter ] --START--
INFO: Run Behavior\ContentReplaceBehavior [ RunTime:0.000133s ]
INFO: [ template_filter ] --END-- [ RunTime:0.000240s ]
INFO: Run Behavior\ParseTemplateBehavior [ RunTime:0.012041s ]
INFO: [ view_parse ] --END-- [ RunTime:0.012281s ]
INFO: [ view_filter ] --START--
INFO: Run Behavior\WriteHtmlCacheBehavior [ RunTime:0.000700s ]
INFO: [ view_filter ] --END-- [ RunTime:0.000841s ]
INFO: [ app_end ] --START--
INFO: Run Behavior\ShowPageTraceBehavior [ RunTime:0.001487s ]
INFO: [ app_end ] --END-- [ RunTime:0.001690s ]

[ 2018-05-29T10:21:31+08:00 ] ::1 /tp/index.php/Admin/Members/index
INFO: [ app_init ] --START--
INFO: Run Behavior\BuildLiteBehavior [ RunTime:0.000043s ]
INFO: [ app_init ] --END-- [ RunTime:0.000802s ]
INFO: [ app_begin ] --START--
INFO: Run Behavior\ReadHtmlCacheBehavior [ RunTime:0.001447s ]
INFO: [ app_begin ] --END-- [ RunTime:0.001728s ]
SQL: SHOW COLUMNS FROM `const_members` [ RunTime:0.0008s ]
SQL: SELECT * FROM `const_members`  [ RunTime:0.0003s ]
INFO: [ view_parse ] --START--
INFO: [ template_filter ] --START--
INFO: Run Behavior\ContentReplaceBehavior [ RunTime:0.000182s ]
INFO: [ template_filter ] --END-- [ RunTime:0.000293s ]
INFO: Run Behavior\ParseTemplateBehavior [ RunTime:0.012358s ]
INFO: [ view_parse ] --END-- [ RunTime:0.012517s ]
INFO: [ view_filter ] --START--
INFO: Run Behavior\WriteHtmlCacheBehavior [ RunTime:0.000476s ]
INFO: [ view_filter ] --END-- [ RunTime:0.000577s ]
INFO: [ app_end ] --START--
INFO: Run Behavior\ShowPageTraceBehavior [ RunTime:0.000927s ]
INFO: [ app_end ] --END-- [ RunTime:0.001071s ]

[ 2018-05-29T10:21:33+08:00 ] ::1 /tp/index.php/Admin/Members/edit
INFO: [ app_init ] --START--
INFO: Run Behavior\BuildLiteBehavior [ RunTime:0.000051s ]
INFO: [ app_init ] --END-- [ RunTime:0.000670s ]
INFO: [ app_begin ] --START--
INFO: Run Behavior\ReadHtmlCacheBehavior [ RunTime:0.000595s ]
INFO: [ app_begin ] --END-- [ RunTime:0.000689s ]
SQL: SHOW COLUMNS FROM `const_members` [ RunTime:0.0009s ]
SQL: SELECT * FROM `const_members` WHERE ( id=4 )  [ RunTime:0.0003s ]

[ 2018-05-29T10:21:40+08:00 ] ::1 /tp/index.php/Admin/Members/edit2
INFO: [ app_init ] --START--
INFO: Run Behavior\BuildLiteBehavior [ RunTime:0.000044s ]
INFO: [ app_init ] --END-- [ RunTime:0.000826s ]
INFO: [ app_begin ] --START--
INFO: Run Behavior\ReadHtmlCacheBehavior [ RunTime:0.001149s ]
INFO: [ app_begin ] --END-- [ RunTime:0.001333s ]
SQL: SHOW COLUMNS FROM `const_members` [ RunTime:0.0012s ]
SQL: UPDATE `const_members` SET `level`='1',`account`='1354123@153.com',`password`='0' WHERE ( id=4 ) [ RunTime:0.0006s ]
INFO: [ app_end ] --START--
INFO: Run Behavior\ShowPageTraceBehavior [ RunTime:0.000929s ]
INFO: [ app_end ] --END-- [ RunTime:0.001073s ]

[ 2018-05-29T10:22:17+08:00 ] ::1 /tp/index.php/Admin/Members/index
INFO: [ app_init ] --START--
INFO: Run Behavior\BuildLiteBehavior [ RunTime:0.000023s ]
INFO: [ app_init ] --END-- [ RunTime:0.000431s ]
INFO: [ app_begin ] --START--
INFO: Run Behavior\ReadHtmlCacheBehavior [ RunTime:0.000803s ]
INFO: [ app_begin ] --END-- [ RunTime:0.000929s ]
SQL: SHOW COLUMNS FROM `const_members` [ RunTime:0.0006s ]
SQL: SELECT * FROM `const_members`  [ RunTime:0.0003s ]
INFO: [ view_parse ] --START--
INFO: [ template_filter ] --START--
INFO: Run Behavior\ContentReplaceBehavior [ RunTime:0.000133s ]
INFO: [ template_filter ] --END-- [ RunTime:0.000242s ]
INFO: Run Behavior\ParseTemplateBehavior [ RunTime:0.012397s ]
INFO: [ view_parse ] --END-- [ RunTime:0.012583s ]
INFO: [ view_filter ] --START--
INFO: Run Behavior\WriteHtmlCacheBehavior [ RunTime:0.000840s ]
INFO: [ view_filter ] --END-- [ RunTime:0.001001s ]
INFO: [ app_end ] --START--
INFO: Run Behavior\ShowPageTraceBehavior [ RunTime:0.001068s ]
INFO: [ app_end ] --END-- [ RunTime:0.001339s ]

[ 2018-05-29T10:22:17+08:00 ] ::1 /tp/index.php/Admin/Members/index
INFO: [ app_init ] --START--
INFO: Run Behavior\BuildLiteBehavior [ RunTime:0.000043s ]
INFO: [ app_init ] --END-- [ RunTime:0.000778s ]
INFO: [ app_begin ] --START--
INFO: Run Behavior\ReadHtmlCacheBehavior [ RunTime:0.000666s ]
INFO: [ app_begin ] --END-- [ RunTime:0.000804s ]
SQL: SHOW COLUMNS FROM `const_members` [ RunTime:0.0011s ]
SQL: SELECT * FROM `const_members`  [ RunTime:0.0004s ]
INFO: [ view_parse ] --START--
INFO: [ template_filter ] --START--
INFO: Run Behavior\ContentReplaceBehavior [ RunTime:0.000134s ]
INFO: [ template_filter ] --END-- [ RunTime:0.000243s ]
INFO: Run Behavior\ParseTemplateBehavior [ RunTime:0.011274s ]
INFO: [ view_parse ] --END-- [ RunTime:0.011402s ]
INFO: [ view_filter ] --START--
INFO: Run Behavior\WriteHtmlCacheBehavior [ RunTime:0.000373s ]
INFO: [ view_filter ] --END-- [ RunTime:0.000535s ]
INFO: [ app_end ] --START--
INFO: Run Behavior\ShowPageTraceBehavior [ RunTime:0.001058s ]
INFO: [ app_end ] --END-- [ RunTime:0.001245s ]

[ 2018-05-29T10:22:19+08:00 ] ::1 /tp/index.php/Admin/Members/edit
INFO: [ app_init ] --START--
INFO: Run Behavior\BuildLiteBehavior [ RunTime:0.000023s ]
INFO: [ app_init ] --END-- [ RunTime:0.000409s ]
INFO: [ app_begin ] --START--
INFO: Run Behavior\ReadHtmlCacheBehavior [ RunTime:0.000596s ]
INFO: [ app_begin ] --END-- [ RunTime:0.000698s ]
SQL: SHOW COLUMNS FROM `const_members` [ RunTime:0.0008s ]
SQL: SELECT * FROM `const_members` WHERE ( id=4 )  [ RunTime:0.0006s ]

[ 2018-05-29T10:22:27+08:00 ] ::1 /tp/index.php/Admin/Members/edit2
INFO: [ app_init ] --START--
INFO: Run Behavior\BuildLiteBehavior [ RunTime:0.000091s ]
INFO: [ app_init ] --END-- [ RunTime:0.001101s ]
INFO: [ app_begin ] --START--
INFO: Run Behavior\ReadHtmlCacheBehavior [ RunTime:0.001397s ]
INFO: [ app_begin ] --END-- [ RunTime:0.001605s ]
SQL: SHOW COLUMNS FROM `const_members` [ RunTime:0.0006s ]
SQL: UPDATE `const_members` SET `level`='1',`account`='1354123@153.com',`password`='670' WHERE ( id=4 ) [ RunTime:0.0004s ]
INFO: [ app_end ] --START--
INFO: Run Behavior\ShowPageTraceBehavior [ RunTime:0.000846s ]
INFO: [ app_end ] --END-- [ RunTime:0.000965s ]

[ 2018-05-29T10:24:41+08:00 ] ::1 /tp/index.php/Admin/Members/edit2
INFO: [ app_init ] --START--
INFO: Run Behavior\BuildLiteBehavior [ RunTime:0.000026s ]
INFO: [ app_init ] --END-- [ RunTime:0.000563s ]
INFO: [ app_begin ] --START--
INFO: Run Behavior\ReadHtmlCacheBehavior [ RunTime:0.000667s ]
INFO: [ app_begin ] --END-- [ RunTime:0.000781s ]
SQL: SHOW COLUMNS FROM `const_members` [ RunTime:0.0009s ]
SQL: UPDATE `const_members` SET `level`='1',`account`='123123@163.com',`password`='333333' WHERE ( id=5 ) [ RunTime:0.0005s ]
INFO: [ app_end ] --START--
INFO: Run Behavior\ShowPageTraceBehavior [ RunTime:0.001082s ]
INFO: [ app_end ] --END-- [ RunTime:0.001233s ]

[ 2018-05-29T10:25:42+08:00 ] ::1 /tp/index.php/Admin/Members/index
INFO: [ app_init ] --START--
INFO: Run Behavior\BuildLiteBehavior [ RunTime:0.000047s ]
INFO: [ app_init ] --END-- [ RunTime:0.000726s ]
INFO: [ app_begin ] --START--
INFO: Run Behavior\ReadHtmlCacheBehavior [ RunTime:0.000610s ]
INFO: [ app_begin ] --END-- [ RunTime:0.000735s ]
SQL: SHOW COLUMNS FROM `const_members` [ RunTime:0.0006s ]
SQL: SELECT * FROM `const_members`  [ RunTime:0.0003s ]
INFO: [ view_parse ] --START--
INFO: [ template_filter ] --START--
INFO: Run Behavior\ContentReplaceBehavior [ RunTime:0.000345s ]
INFO: [ template_filter ] --END-- [ RunTime:0.000599s ]
INFO: Run Behavior\ParseTemplateBehavior [ RunTime:0.015252s ]
INFO: [ view_parse ] --END-- [ RunTime:0.015369s ]
INFO: [ view_filter ] --START--
INFO: Run Behavior\WriteHtmlCacheBehavior [ RunTime:0.000436s ]
INFO: [ view_filter ] --END-- [ RunTime:0.000530s ]
INFO: [ app_end ] --START--
INFO: Run Behavior\ShowPageTraceBehavior [ RunTime:0.001137s ]
INFO: [ app_end ] --END-- [ RunTime:0.001349s ]

[ 2018-05-29T10:25:44+08:00 ] ::1 /tp/index.php/Admin/Members/index
INFO: [ app_init ] --START--
INFO: Run Behavior\BuildLiteBehavior [ RunTime:0.000035s ]
INFO: [ app_init ] --END-- [ RunTime:0.000659s ]
INFO: [ app_begin ] --START--
INFO: Run Behavior\ReadHtmlCacheBehavior [ RunTime:0.000890s ]
INFO: [ app_begin ] --END-- [ RunTime:0.001108s ]
SQL: SHOW COLUMNS FROM `const_members` [ RunTime:0.0005s ]
SQL: SELECT * FROM `const_members`  [ RunTime:0.0003s ]
INFO: [ view_parse ] --START--
INFO: [ template_filter ] --START--
INFO: Run Behavior\ContentReplaceBehavior [ RunTime:0.000134s ]
INFO: [ template_filter ] --END-- [ RunTime:0.000244s ]
INFO: Run Behavior\ParseTemplateBehavior [ RunTime:0.012578s ]
INFO: [ view_parse ] --END-- [ RunTime:0.012702s ]
INFO: [ view_filter ] --START--
INFO: Run Behavior\WriteHtmlCacheBehavior [ RunTime:0.000359s ]
INFO: [ view_filter ] --END-- [ RunTime:0.000459s ]
INFO: [ app_end ] --START--
INFO: Run Behavior\ShowPageTraceBehavior [ RunTime:0.000669s ]
INFO: [ app_end ] --END-- [ RunTime:0.000790s ]

[ 2018-05-29T10:25:50+08:00 ] ::1 /tp/index.php/Admin/Members/edit
INFO: [ app_init ] --START--
INFO: Run Behavior\BuildLiteBehavior [ RunTime:0.000046s ]
INFO: [ app_init ] --END-- [ RunTime:0.000833s ]
INFO: [ app_begin ] --START--
INFO: Run Behavior\ReadHtmlCacheBehavior [ RunTime:0.000895s ]
INFO: [ app_begin ] --END-- [ RunTime:0.001037s ]
SQL: SHOW COLUMNS FROM `const_members` [ RunTime:0.0005s ]
SQL: SELECT * FROM `const_members` WHERE ( id=5 )  [ RunTime:0.0003s ]

[ 2018-05-29T10:25:51+08:00 ] ::1 /tp/index.php/Admin/Members/edit2
INFO: [ app_init ] --START--
INFO: Run Behavior\BuildLiteBehavior [ RunTime:0.000030s ]
INFO: [ app_init ] --END-- [ RunTime:0.000533s ]
INFO: [ app_begin ] --START--
INFO: Run Behavior\ReadHtmlCacheBehavior [ RunTime:0.000796s ]
INFO: [ app_begin ] --END-- [ RunTime:0.000923s ]
SQL: SHOW COLUMNS FROM `const_members` [ RunTime:0.0010s ]
SQL: UPDATE `const_members` SET `level`='1',`account`='123123@163.com',`password`='1' WHERE ( id=5 ) [ RunTime:0.0011s ]
INFO: [ app_end ] --START--
INFO: Run Behavior\ShowPageTraceBehavior [ RunTime:0.000655s ]
INFO: [ app_end ] --END-- [ RunTime:0.000743s ]

[ 2018-05-29T10:26:23+08:00 ] ::1 /tp/index.php/Admin/Members/edit
INFO: [ app_init ] --START--
INFO: Run Behavior\BuildLiteBehavior [ RunTime:0.000033s ]
INFO: [ app_init ] --END-- [ RunTime:0.000682s ]
INFO: [ app_begin ] --START--
INFO: Run Behavior\ReadHtmlCacheBehavior [ RunTime:0.000559s ]
INFO: [ app_begin ] --END-- [ RunTime:0.000647s ]
SQL: SHOW COLUMNS FROM `const_members` [ RunTime:0.0014s ]
SQL: SELECT * FROM `const_members` WHERE ( id=4 )  [ RunTime:0.0004s ]

[ 2018-05-29T10:26:27+08:00 ] ::1 /tp/index.php/Admin/Members/edit2
INFO: [ app_init ] --START--
INFO: Run Behavior\BuildLiteBehavior [ RunTime:0.000058s ]
INFO: [ app_init ] --END-- [ RunTime:0.001140s ]
INFO: [ app_begin ] --START--
INFO: Run Behavior\ReadHtmlCacheBehavior [ RunTime:0.001932s ]
INFO: [ app_begin ] --END-- [ RunTime:0.002595s ]
SQL: SHOW COLUMNS FROM `const_members` [ RunTime:0.0006s ]
SQL: UPDATE `const_members` SET `level`='1',`account`='1354123@153.com',`password`='52' WHERE ( id=5 ) [ RunTime:0.0005s ]
INFO: [ app_end ] --START--
INFO: Run Behavior\ShowPageTraceBehavior [ RunTime:0.000894s ]
INFO: [ app_end ] --END-- [ RunTime:0.001051s ]

[ 2018-05-29T10:26:36+08:00 ] ::1 /tp/index.php/Admin/Members/index
INFO: [ app_init ] --START--
INFO: Run Behavior\BuildLiteBehavior [ RunTime:0.000051s ]
INFO: [ app_init ] --END-- [ RunTime:0.000735s ]
INFO: [ app_begin ] --START--
INFO: Run Behavior\ReadHtmlCacheBehavior [ RunTime:0.001024s ]
INFO: [ app_begin ] --END-- [ RunTime:0.001295s ]
SQL: SHOW COLUMNS FROM `const_members` [ RunTime:0.0011s ]
SQL: SELECT * FROM `const_members`  [ RunTime:0.0005s ]
INFO: [ view_parse ] --START--
INFO: [ template_filter ] --START--
INFO: Run Behavior\ContentReplaceBehavior [ RunTime:0.000145s ]
INFO: [ template_filter ] --END-- [ RunTime:0.000259s ]
INFO: Run Behavior\ParseTemplateBehavior [ RunTime:0.016091s ]
INFO: [ view_parse ] --END-- [ RunTime:0.016228s ]
INFO: [ view_filter ] --START--
INFO: Run Behavior\WriteHtmlCacheBehavior [ RunTime:0.000372s ]
INFO: [ view_filter ] --END-- [ RunTime:0.000470s ]
INFO: [ app_end ] --START--
INFO: Run Behavior\ShowPageTraceBehavior [ RunTime:0.000793s ]
INFO: [ app_end ] --END-- [ RunTime:0.001251s ]

[ 2018-05-29T10:26:38+08:00 ] ::1 /tp/index.php/Admin/Members/edit
INFO: [ app_init ] --START--
INFO: Run Behavior\BuildLiteBehavior [ RunTime:0.000048s ]
INFO: [ app_init ] --END-- [ RunTime:0.000846s ]
INFO: [ app_begin ] --START--
INFO: Run Behavior\ReadHtmlCacheBehavior [ RunTime:0.001964s ]
INFO: [ app_begin ] --END-- [ RunTime:0.002134s ]
SQL: SHOW COLUMNS FROM `const_members` [ RunTime:0.0006s ]
SQL: SELECT * FROM `const_members` WHERE ( id=4 )  [ RunTime:0.0003s ]

[ 2018-05-29T10:26:43+08:00 ] ::1 /tp/index.php/Admin/Members/edit2
INFO: [ app_init ] --START--
INFO: Run Behavior\BuildLiteBehavior [ RunTime:0.000085s ]
INFO: [ app_init ] --END-- [ RunTime:0.001229s ]
INFO: [ app_begin ] --START--
INFO: Run Behavior\ReadHtmlCacheBehavior [ RunTime:0.001617s ]
INFO: [ app_begin ] --END-- [ RunTime:0.001850s ]
SQL: SHOW COLUMNS FROM `const_members` [ RunTime:0.0006s ]
SQL: UPDATE `const_members` SET `level`='1',`account`='1354123@153.com',`password`='52' WHERE ( id=4 ) [ RunTime:0.0005s ]
INFO: [ app_end ] --START--
INFO: Run Behavior\ShowPageTraceBehavior [ RunTime:0.002532s ]
INFO: [ app_end ] --END-- [ RunTime:0.002683s ]

[ 2018-05-29T10:26:47+08:00 ] ::1 /tp/index.php/Admin/Members/index
INFO: [ app_init ] --START--
INFO: Run Behavior\BuildLiteBehavior [ RunTime:0.000042s ]
INFO: [ app_init ] --END-- [ RunTime:0.000715s ]
INFO: [ app_begin ] --START--
INFO: Run Behavior\ReadHtmlCacheBehavior [ RunTime:0.001196s ]
INFO: [ app_begin ] --END-- [ RunTime:0.001452s ]
SQL: SHOW COLUMNS FROM `const_members` [ RunTime:0.0024s ]
SQL: SELECT * FROM `const_members`  [ RunTime:0.0004s ]
INFO: [ view_parse ] --START--
INFO: [ template_filter ] --START--
INFO: Run Behavior\ContentReplaceBehavior [ RunTime:0.000175s ]
INFO: [ template_filter ] --END-- [ RunTime:0.000294s ]
INFO: Run Behavior\ParseTemplateBehavior [ RunTime:0.014914s ]
INFO: [ view_parse ] --END-- [ RunTime:0.015061s ]
INFO: [ view_filter ] --START--
INFO: Run Behavior\WriteHtmlCacheBehavior [ RunTime:0.000917s ]
INFO: [ view_filter ] --END-- [ RunTime:0.001123s ]
INFO: [ app_end ] --START--
INFO: Run Behavior\ShowPageTraceBehavior [ RunTime:0.001356s ]
INFO: [ app_end ] --END-- [ RunTime:0.001590s ]

[ 2018-05-29T10:27:24+08:00 ] ::1 /tp/index.php/Admin/Members/edit
INFO: [ app_init ] --START--
INFO: Run Behavior\BuildLiteBehavior [ RunTime:0.000052s ]
INFO: [ app_init ] --END-- [ RunTime:0.001711s ]
INFO: [ app_begin ] --START--
INFO: Run Behavior\ReadHtmlCacheBehavior [ RunTime:0.000546s ]
INFO: [ app_begin ] --END-- [ RunTime:0.000723s ]
SQL: SHOW COLUMNS FROM `const_members` [ RunTime:0.0022s ]
SQL: SELECT * FROM `const_members` WHERE ( id=4 )  [ RunTime:0.0005s ]

[ 2018-05-29T10:27:29+08:00 ] ::1 /tp/index.php/Admin/Members/edit2
INFO: [ app_init ] --START--
INFO: Run Behavior\BuildLiteBehavior [ RunTime:0.000093s ]
INFO: [ app_init ] --END-- [ RunTime:0.002119s ]
INFO: [ app_begin ] --START--
INFO: Run Behavior\ReadHtmlCacheBehavior [ RunTime:0.001092s ]
INFO: [ app_begin ] --END-- [ RunTime:0.001317s ]
SQL: SHOW COLUMNS FROM `const_members` [ RunTime:0.0011s ]
SQL: UPDATE `const_members` SET `level`='1',`account`='1354123@153.com',`password`='52' WHERE ( id=4 ) [ RunTime:0.0014s ]
INFO: [ app_end ] --START--
INFO: Run Behavior\ShowPageTraceBehavior [ RunTime:0.000866s ]
INFO: [ app_end ] --END-- [ RunTime:0.001005s ]

[ 2018-05-29T10:27:33+08:00 ] ::1 /tp/index.php/Admin/Members/index
INFO: [ app_init ] --START--
INFO: Run Behavior\BuildLiteBehavior [ RunTime:0.000055s ]
INFO: [ app_init ] --END-- [ RunTime:0.001067s ]
INFO: [ app_begin ] --START--
INFO: Run Behavior\ReadHtmlCacheBehavior [ RunTime:0.000702s ]
INFO: [ app_begin ] --END-- [ RunTime:0.000873s ]
SQL: SHOW COLUMNS FROM `const_members` [ RunTime:0.0005s ]
SQL: SELECT * FROM `const_members`  [ RunTime:0.0003s ]
INFO: [ view_parse ] --START--
INFO: [ template_filter ] --START--
INFO: Run Behavior\ContentReplaceBehavior [ RunTime:0.000173s ]
INFO: [ template_filter ] --END-- [ RunTime:0.000286s ]
INFO: Run Behavior\ParseTemplateBehavior [ RunTime:0.015610s ]
INFO: [ view_parse ] --END-- [ RunTime:0.015789s ]
INFO: [ view_filter ] --START--
INFO: Run Behavior\WriteHtmlCacheBehavior [ RunTime:0.000424s ]
INFO: [ view_filter ] --END-- [ RunTime:0.000561s ]
INFO: [ app_end ] --START--
INFO: Run Behavior\ShowPageTraceBehavior [ RunTime:0.000768s ]
INFO: [ app_end ] --END-- [ RunTime:0.000942s ]

[ 2018-05-29T10:27:34+08:00 ] ::1 /tp/index.php/Admin/Members/index
INFO: [ app_init ] --START--
INFO: Run Behavior\BuildLiteBehavior [ RunTime:0.000023s ]
INFO: [ app_init ] --END-- [ RunTime:0.000427s ]
INFO: [ app_begin ] --START--
INFO: Run Behavior\ReadHtmlCacheBehavior [ RunTime:0.001081s ]
INFO: [ app_begin ] --END-- [ RunTime:0.001312s ]
SQL: SHOW COLUMNS FROM `const_members` [ RunTime:0.0005s ]
SQL: SELECT * FROM `const_members`  [ RunTime:0.0002s ]
INFO: [ view_parse ] --START--
INFO: [ template_filter ] --START--
INFO: Run Behavior\ContentReplaceBehavior [ RunTime:0.000197s ]
INFO: [ template_filter ] --END-- [ RunTime:0.000324s ]
INFO: Run Behavior\ParseTemplateBehavior [ RunTime:0.017118s ]
INFO: [ view_parse ] --END-- [ RunTime:0.017306s ]
INFO: [ view_filter ] --START--
INFO: Run Behavior\WriteHtmlCacheBehavior [ RunTime:0.000692s ]
INFO: [ view_filter ] --END-- [ RunTime:0.000911s ]
INFO: [ app_end ] --START--
INFO: Run Behavior\ShowPageTraceBehavior [ RunTime:0.001401s ]
INFO: [ app_end ] --END-- [ RunTime:0.001643s ]

[ 2018-05-29T10:34:13+08:00 ] ::1 /tp/index.php/Admin/Members/index
INFO: [ app_init ] --START--
INFO: Run Behavior\BuildLiteBehavior [ RunTime:0.000049s ]
INFO: [ app_init ] --END-- [ RunTime:0.000900s ]
INFO: [ app_begin ] --START--
INFO: Run Behavior\ReadHtmlCacheBehavior [ RunTime:0.003837s ]
INFO: [ app_begin ] --END-- [ RunTime:0.004873s ]
SQL: SHOW COLUMNS FROM `const_members` [ RunTime:0.0009s ]
SQL: SELECT * FROM `const_members`  [ RunTime:0.0004s ]
INFO: [ view_parse ] --START--
INFO: [ template_filter ] --START--
INFO: Run Behavior\ContentReplaceBehavior [ RunTime:0.000154s ]
INFO: [ template_filter ] --END-- [ RunTime:0.000280s ]
INFO: Run Behavior\ParseTemplateBehavior [ RunTime:0.015360s ]
INFO: [ view_parse ] --END-- [ RunTime:0.015496s ]
INFO: [ view_filter ] --START--
INFO: Run Behavior\WriteHtmlCacheBehavior [ RunTime:0.000461s ]
INFO: [ view_filter ] --END-- [ RunTime:0.000565s ]
INFO: [ app_end ] --START--
INFO: Run Behavior\ShowPageTraceBehavior [ RunTime:0.001211s ]
INFO: [ app_end ] --END-- [ RunTime:0.001503s ]

[ 2018-05-29T10:34:14+08:00 ] ::1 /tp/index.php/Admin/Members/edit
INFO: [ app_init ] --START--
INFO: Run Behavior\BuildLiteBehavior [ RunTime:0.000053s ]
INFO: [ app_init ] --END-- [ RunTime:0.001927s ]
INFO: [ app_begin ] --START--
INFO: Run Behavior\ReadHtmlCacheBehavior [ RunTime:0.001102s ]
INFO: [ app_begin ] --END-- [ RunTime:0.001346s ]
SQL: SHOW COLUMNS FROM `const_members` [ RunTime:0.0012s ]
SQL: SELECT * FROM `const_members` WHERE ( id=4 )  [ RunTime:0.0004s ]

[ 2018-05-29T10:34:19+08:00 ] ::1 /tp/index.php/Admin/Members/edit2
INFO: [ app_init ] --START--
INFO: Run Behavior\BuildLiteBehavior [ RunTime:0.000036s ]
INFO: [ app_init ] --END-- [ RunTime:0.000647s ]
INFO: [ app_begin ] --START--
INFO: Run Behavior\ReadHtmlCacheBehavior [ RunTime:0.001239s ]
INFO: [ app_begin ] --END-- [ RunTime:0.001507s ]
SQL: SHOW COLUMNS FROM `const_members` [ RunTime:0.0014s ]
SQL: UPDATE `const_members` SET `level`='1',`account`='1354123@153.com',`password`='52c69e3a57331081823331c4e69d3f2e' WHERE ( id=4 ) [ RunTime:0.0006s ]
INFO: [ app_end ] --START--
INFO: Run Behavior\ShowPageTraceBehavior [ RunTime:0.001397s ]
INFO: [ app_end ] --END-- [ RunTime:0.001609s ]

[ 2018-05-29T10:34:58+08:00 ] ::1 /tp/index.php/Admin/Members/index
INFO: [ app_init ] --START--
INFO: Run Behavior\BuildLiteBehavior [ RunTime:0.000034s ]
INFO: [ app_init ] --END-- [ RunTime:0.000675s ]
INFO: [ app_begin ] --START--
INFO: Run Behavior\ReadHtmlCacheBehavior [ RunTime:0.000613s ]
INFO: [ app_begin ] --END-- [ RunTime:0.000740s ]
SQL: SHOW COLUMNS FROM `const_members` [ RunTime:0.0010s ]
SQL: SELECT * FROM `const_members`  [ RunTime:0.0003s ]
INFO: [ view_parse ] --START--
INFO: [ template_filter ] --START--
INFO: Run Behavior\ContentReplaceBehavior [ RunTime:0.000139s ]
INFO: [ template_filter ] --END-- [ RunTime:0.000255s ]
INFO: Run Behavior\ParseTemplateBehavior [ RunTime:0.013076s ]
INFO: [ view_parse ] --END-- [ RunTime:0.013248s ]
INFO: [ view_filter ] --START--
INFO: Run Behavior\WriteHtmlCacheBehavior [ RunTime:0.000644s ]
INFO: [ view_filter ] --END-- [ RunTime:0.000775s ]
INFO: [ app_end ] --START--
INFO: Run Behavior\ShowPageTraceBehavior [ RunTime:0.000936s ]
INFO: [ app_end ] --END-- [ RunTime:0.001103s ]

[ 2018-05-29T10:36:58+08:00 ] ::1 /tp/index.php/Admin/Members/edit
INFO: [ app_init ] --START--
INFO: Run Behavior\BuildLiteBehavior [ RunTime:0.000024s ]
INFO: [ app_init ] --END-- [ RunTime:0.000473s ]
INFO: [ app_begin ] --START--
INFO: Run Behavior\ReadHtmlCacheBehavior [ RunTime:0.000545s ]
INFO: [ app_begin ] --END-- [ RunTime:0.000677s ]
SQL: SHOW COLUMNS FROM `const_members` [ RunTime:0.0014s ]
SQL: SELECT * FROM `const_members` WHERE ( id=5 )  [ RunTime:0.0004s ]

[ 2018-05-29T10:37:04+08:00 ] ::1 /tp/index.php/Admin/Members/edit2
INFO: [ app_init ] --START--
INFO: Run Behavior\BuildLiteBehavior [ RunTime:0.000040s ]
INFO: [ app_init ] --END-- [ RunTime:0.000729s ]
INFO: [ app_begin ] --START--
INFO: Run Behavior\ReadHtmlCacheBehavior [ RunTime:0.000724s ]
INFO: [ app_begin ] --END-- [ RunTime:0.000877s ]
SQL: SHOW COLUMNS FROM `const_members` [ RunTime:0.0008s ]
SQL: UPDATE `const_members` SET `level`='1',`account`='1354123@153.com',`password`='21218cca77804d2ba1922c33e0151105' WHERE ( id=5 ) [ RunTime:0.0004s ]
INFO: [ app_end ] --START--
INFO: Run Behavior\ShowPageTraceBehavior [ RunTime:0.000569s ]
INFO: [ app_end ] --END-- [ RunTime:0.000663s ]

[ 2018-05-29T10:37:06+08:00 ] ::1 /tp/index.php/Admin/Members/index
INFO: [ app_init ] --START--
INFO: Run Behavior\BuildLiteBehavior [ RunTime:0.000478s ]
INFO: [ app_init ] --END-- [ RunTime:0.001823s ]
INFO: [ app_begin ] --START--
INFO: Run Behavior\ReadHtmlCacheBehavior [ RunTime:0.000671s ]
INFO: [ app_begin ] --END-- [ RunTime:0.000829s ]
SQL: SHOW COLUMNS FROM `const_members` [ RunTime:0.0006s ]
SQL: SELECT * FROM `const_members`  [ RunTime:0.0003s ]
INFO: [ view_parse ] --START--
INFO: [ template_filter ] --START--
INFO: Run Behavior\ContentReplaceBehavior [ RunTime:0.000139s ]
INFO: [ template_filter ] --END-- [ RunTime:0.000263s ]
INFO: Run Behavior\ParseTemplateBehavior [ RunTime:0.012526s ]
INFO: [ view_parse ] --END-- [ RunTime:0.012648s ]
INFO: [ view_filter ] --START--
INFO: Run Behavior\WriteHtmlCacheBehavior [ RunTime:0.000358s ]
INFO: [ view_filter ] --END-- [ RunTime:0.000453s ]
INFO: [ app_end ] --START--
INFO: Run Behavior\ShowPageTraceBehavior [ RunTime:0.000732s ]
INFO: [ app_end ] --END-- [ RunTime:0.000916s ]

[ 2018-05-29T10:39:43+08:00 ] ::1 /tp/index.php/Admin/Members/index
INFO: [ app_init ] --START--
INFO: Run Behavior\BuildLiteBehavior [ RunTime:0.000031s ]
INFO: [ app_init ] --END-- [ RunTime:0.000534s ]
INFO: [ app_begin ] --START--
INFO: Run Behavior\ReadHtmlCacheBehavior [ RunTime:0.000817s ]
INFO: [ app_begin ] --END-- [ RunTime:0.000984s ]
SQL: SHOW COLUMNS FROM `const_members` [ RunTime:0.0007s ]
SQL: SELECT * FROM `const_members`  [ RunTime:0.0003s ]
INFO: [ view_parse ] --START--
INFO: [ template_filter ] --START--
INFO: Run Behavior\ContentReplaceBehavior [ RunTime:0.000302s ]
INFO: [ template_filter ] --END-- [ RunTime:0.000501s ]
INFO: Run Behavior\ParseTemplateBehavior [ RunTime:0.012391s ]
INFO: [ view_parse ] --END-- [ RunTime:0.012584s ]
INFO: [ view_filter ] --START--
INFO: Run Behavior\WriteHtmlCacheBehavior [ RunTime:0.000791s ]
INFO: [ view_filter ] --END-- [ RunTime:0.000999s ]
INFO: [ app_end ] --START--
INFO: Run Behavior\ShowPageTraceBehavior [ RunTime:0.001193s ]
INFO: [ app_end ] --END-- [ RunTime:0.001383s ]

[ 2018-05-29T10:39:44+08:00 ] ::1 /tp/index.php/Admin/Members/index
INFO: [ app_init ] --START--
INFO: Run Behavior\BuildLiteBehavior [ RunTime:0.000036s ]
INFO: [ app_init ] --END-- [ RunTime:0.000702s ]
INFO: [ app_begin ] --START--
INFO: Run Behavior\ReadHtmlCacheBehavior [ RunTime:0.001177s ]
INFO: [ app_begin ] --END-- [ RunTime:0.001375s ]
SQL: SHOW COLUMNS FROM `const_members` [ RunTime:0.0005s ]
SQL: SELECT * FROM `const_members`  [ RunTime:0.0003s ]
INFO: [ view_parse ] --START--
INFO: [ template_filter ] --START--
INFO: Run Behavior\ContentReplaceBehavior [ RunTime:0.000200s ]
INFO: [ template_filter ] --END-- [ RunTime:0.000313s ]
INFO: Run Behavior\ParseTemplateBehavior [ RunTime:0.012958s ]
INFO: [ view_parse ] --END-- [ RunTime:0.013072s ]
INFO: [ view_filter ] --START--
INFO: Run Behavior\WriteHtmlCacheBehavior [ RunTime:0.000438s ]
INFO: [ view_filter ] --END-- [ RunTime:0.000539s ]
INFO: [ app_end ] --START--
INFO: Run Behavior\ShowPageTraceBehavior [ RunTime:0.001033s ]
INFO: [ app_end ] --END-- [ RunTime:0.001286s ]

[ 2018-05-29T10:39:51+08:00 ] ::1 /tp/index.php/Admin/Members/edit
INFO: [ app_init ] --START--
INFO: Run Behavior\BuildLiteBehavior [ RunTime:0.000075s ]
INFO: [ app_init ] --END-- [ RunTime:0.001322s ]
INFO: [ app_begin ] --START--
INFO: Run Behavior\ReadHtmlCacheBehavior [ RunTime:0.001061s ]
INFO: [ app_begin ] --END-- [ RunTime:0.001228s ]
SQL: SHOW COLUMNS FROM `const_members` [ RunTime:0.0007s ]
SQL: SELECT * FROM `const_members` WHERE ( id=5 )  [ RunTime:0.0005s ]

[ 2018-05-29T12:02:42+08:00 ] ::1 /tp/index.php/Admin/Members/edit2
INFO: [ app_init ] --START--
INFO: Run Behavior\BuildLiteBehavior [ RunTime:0.000095s ]
INFO: [ app_init ] --END-- [ RunTime:0.095128s ]
INFO: [ app_begin ] --START--
INFO: Run Behavior\ReadHtmlCacheBehavior [ RunTime:0.047631s ]
INFO: [ app_begin ] --END-- [ RunTime:0.048030s ]
SQL: SHOW COLUMNS FROM `const_members` [ RunTime:1.4002s ]
ERR: 1064:You have an error in your SQL syntax; check the manual that corresponds to your MySQL server version for the right syntax to use near ')' at line 1
 [ SQL语句 ] : UPDATE `const_members` SET `level`='0',`account`='',`password`='d41d8cd98f00b204e9800998ecf8427e' WHERE ( id= )
ERR: 1064:You have an error in your SQL syntax; check the manual that corresponds to your MySQL server version for the right syntax to use near ')' at line 1
 [ SQL语句 ] : UPDATE `const_members` SET `level`='0',`account`='',`password`='d41d8cd98f00b204e9800998ecf8427e' WHERE ( id= )

