[ 2018-05-21T18:49:21+08:00 ] ::1 /tp/index.php/Admin/Admin/index
INFO: [ app_init ] --START--
INFO: Run Behavior\BuildLiteBehavior [ RunTime:0.000189s ]
INFO: [ app_init ] --END-- [ RunTime:0.117760s ]
INFO: [ app_begin ] --START--
INFO: Run Behavior\ReadHtmlCacheBehavior [ RunTime:0.014507s ]
INFO: [ app_begin ] --END-- [ RunTime:0.015023s ]
SQL: SHOW COLUMNS FROM `const_admin` [ RunTime:0.8399s ]
SQL: SELECT * FROM `const_admin`  [ RunTime:0.1105s ]
INFO: [ view_parse ] --START--
INFO: [ template_filter ] --START--
INFO: Run Behavior\ContentReplaceBehavior [ RunTime:0.033566s ]
INFO: [ template_filter ] --END-- [ RunTime:0.033737s ]
INFO: Run Behavior\ParseTemplateBehavior [ RunTime:0.519240s ]
INFO: [ view_parse ] --END-- [ RunTime:0.519508s ]
INFO: [ view_filter ] --START--
INFO: Run Behavior\WriteHtmlCacheBehavior [ RunTime:0.026197s ]
INFO: [ view_filter ] --END-- [ RunTime:0.026517s ]
INFO: [ app_end ] --START--
INFO: Run Behavior\ShowPageTraceBehavior [ RunTime:0.024643s ]
INFO: [ app_end ] --END-- [ RunTime:0.025127s ]

